{"/Users/damian/workspace/online-store-server/app.js": {"path":"/Users/damian/workspace/online-store-server/app.js","statementMap":{"0":{"start":{"line":1,"column":0},"end":{"line":1,"column":27}},"1":{"start":{"line":2,"column":13},"end":{"line":2,"column":28}},"2":{"start":{"line":3,"column":16},"end":{"line":3,"column":34}},"3":{"start":{"line":4,"column":15},"end":{"line":4,"column":32}},"4":{"start":{"line":5,"column":13},"end":{"line":5,"column":28}},"5":{"start":{"line":6,"column":18},"end":{"line":6,"column":47}},"6":{"start":{"line":7,"column":17},"end":{"line":7,"column":37}},"7":{"start":{"line":9,"column":20},"end":{"line":9,"column":50}},"8":{"start":{"line":10,"column":19},"end":{"line":10,"column":49}},"9":{"start":{"line":11,"column":22},"end":{"line":11,"column":55}},"10":{"start":{"line":12,"column":24},"end":{"line":12,"column":59}},"11":{"start":{"line":13,"column":23},"end":{"line":13,"column":57}},"12":{"start":{"line":14,"column":20},"end":{"line":14,"column":51}},"13":{"start":{"line":15,"column":21},"end":{"line":15,"column":58}},"14":{"start":{"line":17,"column":12},"end":{"line":17,"column":21}},"15":{"start":{"line":20,"column":0},"end":{"line":20,"column":18}},"16":{"start":{"line":23,"column":0},"end":{"line":23,"column":20}},"17":{"start":{"line":26,"column":0},"end":{"line":26,"column":49}},"18":{"start":{"line":27,"column":0},"end":{"line":27,"column":24}},"19":{"start":{"line":30,"column":0},"end":{"line":30,"column":99}},"20":{"start":{"line":33,"column":0},"end":{"line":33,"column":16}},"21":{"start":{"line":36,"column":0},"end":{"line":36,"column":59}},"22":{"start":{"line":39,"column":0},"end":{"line":39,"column":39}},"23":{"start":{"line":40,"column":0},"end":{"line":40,"column":31}},"24":{"start":{"line":41,"column":0},"end":{"line":41,"column":29}},"25":{"start":{"line":42,"column":0},"end":{"line":42,"column":36}},"26":{"start":{"line":43,"column":0},"end":{"line":43,"column":39}},"27":{"start":{"line":44,"column":0},"end":{"line":44,"column":32}},"28":{"start":{"line":47,"column":0},"end":{"line":47,"column":22}},"29":{"start":{"line":49,"column":0},"end":{"line":49,"column":21}}},"fnMap":{},"branchMap":{},"s":{"0":6,"1":6,"2":6,"3":6,"4":6,"5":6,"6":6,"7":6,"8":6,"9":6,"10":6,"11":6,"12":6,"13":6,"14":6,"15":6,"16":6,"17":6,"18":6,"19":6,"20":6,"21":6,"22":6,"23":6,"24":6,"25":6,"26":6,"27":6,"28":6,"29":6},"f":{},"b":{},"_coverageSchema":"1a1c01bbd47fc00a2c39e90264f33305004495a9","hash":"17ab4747a293dae751b05f3d76aec8fe847ef20d"}
,"/Users/damian/workspace/online-store-server/controllers/cartController.js": {"path":"/Users/damian/workspace/online-store-server/controllers/cartController.js","statementMap":{"0":{"start":{"line":1,"column":47},"end":{"line":1,"column":81}},"1":{"start":{"line":2,"column":22},"end":{"line":2,"column":48}},"2":{"start":{"line":4,"column":29},"end":{"line":19,"column":1}},"3":{"start":{"line":5,"column":2},"end":{"line":18,"column":3}},"4":{"start":{"line":6,"column":47},"end":{"line":6,"column":55}},"5":{"start":{"line":7,"column":21},"end":{"line":7,"column":45}},"6":{"start":{"line":9,"column":4},"end":{"line":11,"column":5}},"7":{"start":{"line":10,"column":6},"end":{"line":10,"column":71}},"8":{"start":{"line":13,"column":30},"end":{"line":13,"column":72}},"9":{"start":{"line":14,"column":24},"end":{"line":14,"column":83}},"10":{"start":{"line":15,"column":4},"end":{"line":15,"column":38}},"11":{"start":{"line":17,"column":4},"end":{"line":17,"column":16}},"12":{"start":{"line":21,"column":23},"end":{"line":29,"column":1}},"13":{"start":{"line":22,"column":2},"end":{"line":28,"column":3}},"14":{"start":{"line":23,"column":21},"end":{"line":23,"column":45}},"15":{"start":{"line":24,"column":17},"end":{"line":24,"column":40}},"16":{"start":{"line":25,"column":4},"end":{"line":25,"column":31}},"17":{"start":{"line":27,"column":4},"end":{"line":27,"column":16}},"18":{"start":{"line":31,"column":26},"end":{"line":39,"column":1}},"19":{"start":{"line":32,"column":2},"end":{"line":38,"column":3}},"20":{"start":{"line":33,"column":21},"end":{"line":33,"column":45}},"21":{"start":{"line":34,"column":4},"end":{"line":34,"column":31}},"22":{"start":{"line":35,"column":4},"end":{"line":35,"column":67}},"23":{"start":{"line":37,"column":4},"end":{"line":37,"column":16}},"24":{"start":{"line":41,"column":0},"end":{"line":45,"column":2}}},"fnMap":{"0":{"name":"(anonymous_0)","decl":{"start":{"line":4,"column":29},"end":{"line":4,"column":30}},"loc":{"start":{"line":4,"column":55},"end":{"line":19,"column":1}},"line":4},"1":{"name":"(anonymous_1)","decl":{"start":{"line":21,"column":23},"end":{"line":21,"column":24}},"loc":{"start":{"line":21,"column":49},"end":{"line":29,"column":1}},"line":21},"2":{"name":"(anonymous_2)","decl":{"start":{"line":31,"column":26},"end":{"line":31,"column":27}},"loc":{"start":{"line":31,"column":52},"end":{"line":39,"column":1}},"line":31}},"branchMap":{"0":{"loc":{"start":{"line":9,"column":4},"end":{"line":11,"column":5}},"type":"if","locations":[{"start":{"line":9,"column":4},"end":{"line":11,"column":5}},{"start":{},"end":{}}],"line":9},"1":{"loc":{"start":{"line":13,"column":30},"end":{"line":13,"column":72}},"type":"cond-expr","locations":[{"start":{"line":13,"column":52},"end":{"line":13,"column":60}},{"start":{"line":13,"column":63},"end":{"line":13,"column":72}}],"line":13}},"s":{"0":6,"1":6,"2":6,"3":1,"4":1,"5":1,"6":1,"7":0,"8":1,"9":1,"10":1,"11":0,"12":6,"13":2,"14":2,"15":2,"16":2,"17":0,"18":6,"19":2,"20":2,"21":2,"22":2,"23":0,"24":6},"f":{"0":1,"1":2,"2":2},"b":{"0":[0,1],"1":[1,0]},"_coverageSchema":"1a1c01bbd47fc00a2c39e90264f33305004495a9","hash":"a469c33a2efca257eaca6179ab2879213c81a3b1"}
,"/Users/damian/workspace/online-store-server/controllers/categoryController.js": {"path":"/Users/damian/workspace/online-store-server/controllers/categoryController.js","statementMap":{"0":{"start":{"line":1,"column":26},"end":{"line":1,"column":64}},"1":{"start":{"line":3,"column":29},"end":{"line":10,"column":1}},"2":{"start":{"line":4,"column":2},"end":{"line":9,"column":3}},"3":{"start":{"line":5,"column":23},"end":{"line":5,"column":44}},"4":{"start":{"line":6,"column":4},"end":{"line":6,"column":37}},"5":{"start":{"line":8,"column":4},"end":{"line":8,"column":16}},"6":{"start":{"line":12,"column":0},"end":{"line":14,"column":2}}},"fnMap":{"0":{"name":"(anonymous_0)","decl":{"start":{"line":3,"column":29},"end":{"line":3,"column":30}},"loc":{"start":{"line":3,"column":55},"end":{"line":10,"column":1}},"line":3}},"branchMap":{},"s":{"0":6,"1":6,"2":3,"3":3,"4":2,"5":1,"6":6},"f":{"0":3},"b":{},"_coverageSchema":"1a1c01bbd47fc00a2c39e90264f33305004495a9","hash":"eea6c0e3c3b8e2804cf6e902e3d8ac8ba7dd5f3f"}
,"/Users/damian/workspace/online-store-server/controllers/inventoryController.js": {"path":"/Users/damian/workspace/online-store-server/controllers/inventoryController.js","statementMap":{"0":{"start":{"line":1,"column":25},"end":{"line":1,"column":64}},"1":{"start":{"line":3,"column":28},"end":{"line":11,"column":1}},"2":{"start":{"line":4,"column":2},"end":{"line":10,"column":3}},"3":{"start":{"line":5,"column":26},"end":{"line":5,"column":36}},"4":{"start":{"line":6,"column":29},"end":{"line":6,"column":58}},"5":{"start":{"line":7,"column":4},"end":{"line":7,"column":43}},"6":{"start":{"line":9,"column":4},"end":{"line":9,"column":16}},"7":{"start":{"line":13,"column":0},"end":{"line":15,"column":2}}},"fnMap":{"0":{"name":"(anonymous_0)","decl":{"start":{"line":3,"column":28},"end":{"line":3,"column":29}},"loc":{"start":{"line":3,"column":54},"end":{"line":11,"column":1}},"line":3}},"branchMap":{},"s":{"0":6,"1":6,"2":4,"3":4,"4":4,"5":1,"6":3,"7":6},"f":{"0":4},"b":{},"_coverageSchema":"1a1c01bbd47fc00a2c39e90264f33305004495a9","hash":"60f19d0ad1814951bdbb8463c43fe7a62ea38a5a"}
,"/Users/damian/workspace/online-store-server/controllers/orderController.js": {"path":"/Users/damian/workspace/online-store-server/controllers/orderController.js","statementMap":{"0":{"start":{"line":1,"column":52},"end":{"line":1,"column":87}},"1":{"start":{"line":3,"column":24},"end":{"line":11,"column":1}},"2":{"start":{"line":4,"column":2},"end":{"line":10,"column":3}},"3":{"start":{"line":5,"column":21},"end":{"line":5,"column":45}},"4":{"start":{"line":6,"column":21},"end":{"line":6,"column":45}},"5":{"start":{"line":7,"column":4},"end":{"line":7,"column":35}},"6":{"start":{"line":9,"column":4},"end":{"line":9,"column":16}},"7":{"start":{"line":13,"column":31},"end":{"line":21,"column":1}},"8":{"start":{"line":14,"column":2},"end":{"line":20,"column":3}},"9":{"start":{"line":15,"column":21},"end":{"line":15,"column":45}},"10":{"start":{"line":16,"column":19},"end":{"line":16,"column":50}},"11":{"start":{"line":17,"column":4},"end":{"line":17,"column":52}},"12":{"start":{"line":19,"column":4},"end":{"line":19,"column":16}},"13":{"start":{"line":23,"column":28},"end":{"line":32,"column":1}},"14":{"start":{"line":24,"column":2},"end":{"line":31,"column":3}},"15":{"start":{"line":25,"column":21},"end":{"line":25,"column":45}},"16":{"start":{"line":26,"column":19},"end":{"line":26,"column":29}},"17":{"start":{"line":27,"column":18},"end":{"line":27,"column":50}},"18":{"start":{"line":28,"column":4},"end":{"line":28,"column":51}},"19":{"start":{"line":30,"column":4},"end":{"line":30,"column":16}},"20":{"start":{"line":34,"column":0},"end":{"line":38,"column":2}}},"fnMap":{"0":{"name":"(anonymous_0)","decl":{"start":{"line":3,"column":24},"end":{"line":3,"column":25}},"loc":{"start":{"line":3,"column":50},"end":{"line":11,"column":1}},"line":3},"1":{"name":"(anonymous_1)","decl":{"start":{"line":13,"column":31},"end":{"line":13,"column":32}},"loc":{"start":{"line":13,"column":57},"end":{"line":21,"column":1}},"line":13},"2":{"name":"(anonymous_2)","decl":{"start":{"line":23,"column":28},"end":{"line":23,"column":29}},"loc":{"start":{"line":23,"column":54},"end":{"line":32,"column":1}},"line":23}},"branchMap":{},"s":{"0":6,"1":6,"2":2,"3":2,"4":2,"5":1,"6":1,"7":6,"8":2,"9":2,"10":2,"11":1,"12":1,"13":6,"14":2,"15":2,"16":2,"17":2,"18":1,"19":1,"20":6},"f":{"0":2,"1":2,"2":2},"b":{},"_coverageSchema":"1a1c01bbd47fc00a2c39e90264f33305004495a9","hash":"509dfbffd2dce2cc91475b180cadfc8ce56ede09"}
,"/Users/damian/workspace/online-store-server/controllers/productController.js": {"path":"/Users/damian/workspace/online-store-server/controllers/productController.js","statementMap":{"0":{"start":{"line":1,"column":38},"end":{"line":1,"column":75}},"1":{"start":{"line":3,"column":29},"end":{"line":11,"column":1}},"2":{"start":{"line":4,"column":2},"end":{"line":10,"column":3}},"3":{"start":{"line":5,"column":46},"end":{"line":5,"column":55}},"4":{"start":{"line":6,"column":21},"end":{"line":6,"column":71}},"5":{"start":{"line":7,"column":4},"end":{"line":7,"column":35}},"6":{"start":{"line":9,"column":4},"end":{"line":9,"column":16}},"7":{"start":{"line":13,"column":26},"end":{"line":21,"column":1}},"8":{"start":{"line":14,"column":2},"end":{"line":20,"column":3}},"9":{"start":{"line":15,"column":30},"end":{"line":15,"column":40}},"10":{"start":{"line":16,"column":20},"end":{"line":16,"column":47}},"11":{"start":{"line":17,"column":4},"end":{"line":17,"column":34}},"12":{"start":{"line":19,"column":4},"end":{"line":19,"column":16}},"13":{"start":{"line":23,"column":0},"end":{"line":26,"column":2}}},"fnMap":{"0":{"name":"(anonymous_0)","decl":{"start":{"line":3,"column":29},"end":{"line":3,"column":30}},"loc":{"start":{"line":3,"column":55},"end":{"line":11,"column":1}},"line":3},"1":{"name":"(anonymous_1)","decl":{"start":{"line":13,"column":26},"end":{"line":13,"column":27}},"loc":{"start":{"line":13,"column":52},"end":{"line":21,"column":1}},"line":13}},"branchMap":{},"s":{"0":6,"1":6,"2":3,"3":3,"4":3,"5":2,"6":1,"7":6,"8":3,"9":3,"10":3,"11":1,"12":2,"13":6},"f":{"0":3,"1":3},"b":{},"_coverageSchema":"1a1c01bbd47fc00a2c39e90264f33305004495a9","hash":"077cad9b6af3289b5a898e4df72b2cbc8b3a152d"}
,"/Users/damian/workspace/online-store-server/controllers/userController.js": {"path":"/Users/damian/workspace/online-store-server/controllers/userController.js","statementMap":{"0":{"start":{"line":1,"column":77},"end":{"line":1,"column":111}},"1":{"start":{"line":3,"column":28},"end":{"line":11,"column":1}},"2":{"start":{"line":4,"column":40},"end":{"line":4,"column":48}},"3":{"start":{"line":5,"column":2},"end":{"line":10,"column":3}},"4":{"start":{"line":6,"column":17},"end":{"line":6,"column":62}},"5":{"start":{"line":7,"column":4},"end":{"line":7,"column":76}},"6":{"start":{"line":9,"column":4},"end":{"line":9,"column":16}},"7":{"start":{"line":13,"column":23},"end":{"line":21,"column":1}},"8":{"start":{"line":14,"column":19},"end":{"line":14,"column":43}},"9":{"start":{"line":15,"column":2},"end":{"line":20,"column":3}},"10":{"start":{"line":16,"column":17},"end":{"line":16,"column":50}},"11":{"start":{"line":17,"column":4},"end":{"line":17,"column":31}},"12":{"start":{"line":19,"column":4},"end":{"line":19,"column":16}},"13":{"start":{"line":23,"column":26},"end":{"line":31,"column":1}},"14":{"start":{"line":24,"column":19},"end":{"line":24,"column":43}},"15":{"start":{"line":25,"column":2},"end":{"line":30,"column":3}},"16":{"start":{"line":26,"column":4},"end":{"line":26,"column":41}},"17":{"start":{"line":27,"column":4},"end":{"line":27,"column":27}},"18":{"start":{"line":29,"column":4},"end":{"line":29,"column":16}},"19":{"start":{"line":33,"column":21},"end":{"line":41,"column":1}},"20":{"start":{"line":34,"column":33},"end":{"line":34,"column":41}},"21":{"start":{"line":35,"column":2},"end":{"line":40,"column":3}},"22":{"start":{"line":36,"column":17},"end":{"line":36,"column":52}},"23":{"start":{"line":37,"column":4},"end":{"line":37,"column":67}},"24":{"start":{"line":39,"column":4},"end":{"line":39,"column":16}},"25":{"start":{"line":43,"column":0},"end":{"line":48,"column":2}}},"fnMap":{"0":{"name":"(anonymous_0)","decl":{"start":{"line":3,"column":28},"end":{"line":3,"column":29}},"loc":{"start":{"line":3,"column":54},"end":{"line":11,"column":1}},"line":3},"1":{"name":"(anonymous_1)","decl":{"start":{"line":13,"column":23},"end":{"line":13,"column":24}},"loc":{"start":{"line":13,"column":49},"end":{"line":21,"column":1}},"line":13},"2":{"name":"(anonymous_2)","decl":{"start":{"line":23,"column":26},"end":{"line":23,"column":27}},"loc":{"start":{"line":23,"column":52},"end":{"line":31,"column":1}},"line":23},"3":{"name":"(anonymous_3)","decl":{"start":{"line":33,"column":21},"end":{"line":33,"column":22}},"loc":{"start":{"line":33,"column":47},"end":{"line":41,"column":1}},"line":33}},"branchMap":{},"s":{"0":6,"1":6,"2":2,"3":2,"4":2,"5":1,"6":1,"7":6,"8":2,"9":2,"10":2,"11":1,"12":1,"13":6,"14":2,"15":2,"16":2,"17":1,"18":1,"19":6,"20":3,"21":3,"22":3,"23":1,"24":2,"25":6},"f":{"0":2,"1":2,"2":2,"3":3},"b":{},"_coverageSchema":"1a1c01bbd47fc00a2c39e90264f33305004495a9","hash":"3419cc6cc21e558d4e8a79632ef4619fec622ef1"}
,"/Users/damian/workspace/online-store-server/middlewares/authMiddleware.js": {"path":"/Users/damian/workspace/online-store-server/middlewares/authMiddleware.js","statementMap":{"0":{"start":{"line":1,"column":12},"end":{"line":1,"column":35}},"1":{"start":{"line":2,"column":19},"end":{"line":2,"column":66}},"2":{"start":{"line":4,"column":33},"end":{"line":25,"column":1}},"3":{"start":{"line":5,"column":21},"end":{"line":5,"column":46}},"4":{"start":{"line":7,"column":2},"end":{"line":10,"column":3}},"5":{"start":{"line":8,"column":4},"end":{"line":8,"column":40}},"6":{"start":{"line":9,"column":4},"end":{"line":9,"column":18}},"7":{"start":{"line":12,"column":16},"end":{"line":12,"column":40}},"8":{"start":{"line":14,"column":2},"end":{"line":24,"column":3}},"9":{"start":{"line":15,"column":20},"end":{"line":15,"column":49}},"10":{"start":{"line":16,"column":4},"end":{"line":20,"column":6}},"11":{"start":{"line":21,"column":4},"end":{"line":21,"column":11}},"12":{"start":{"line":23,"column":4},"end":{"line":23,"column":76}},"13":{"start":{"line":27,"column":0},"end":{"line":27,"column":46}}},"fnMap":{"0":{"name":"(anonymous_0)","decl":{"start":{"line":4,"column":33},"end":{"line":4,"column":34}},"loc":{"start":{"line":4,"column":53},"end":{"line":25,"column":1}},"line":4}},"branchMap":{"0":{"loc":{"start":{"line":2,"column":19},"end":{"line":2,"column":66}},"type":"binary-expr","locations":[{"start":{"line":2,"column":19},"end":{"line":2,"column":41}},{"start":{"line":2,"column":45},"end":{"line":2,"column":66}}],"line":2},"1":{"loc":{"start":{"line":7,"column":2},"end":{"line":10,"column":3}},"type":"if","locations":[{"start":{"line":7,"column":2},"end":{"line":10,"column":3}},{"start":{},"end":{}}],"line":7},"2":{"loc":{"start":{"line":7,"column":6},"end":{"line":7,"column":54}},"type":"binary-expr","locations":[{"start":{"line":7,"column":6},"end":{"line":7,"column":17}},{"start":{"line":7,"column":21},"end":{"line":7,"column":54}}],"line":7},"3":{"loc":{"start":{"line":19,"column":12},"end":{"line":19,"column":45}},"type":"binary-expr","locations":[{"start":{"line":19,"column":12},"end":{"line":19,"column":24}},{"start":{"line":19,"column":28},"end":{"line":19,"column":45}}],"line":19}},"s":{"0":6,"1":6,"2":6,"3":33,"4":33,"5":17,"6":17,"7":16,"8":16,"9":16,"10":16,"11":16,"12":0,"13":6},"f":{"0":33},"b":{"0":[6,0],"1":[17,16],"2":[33,16],"3":[16,2]},"_coverageSchema":"1a1c01bbd47fc00a2c39e90264f33305004495a9","hash":"23cd598ea1d7dc868439161c0a9957a6e92fcd63"}
,"/Users/damian/workspace/online-store-server/middlewares/authorizeRoles.js": {"path":"/Users/damian/workspace/online-store-server/middlewares/authorizeRoles.js","statementMap":{"0":{"start":{"line":1,"column":23},"end":{"line":9,"column":3}},"1":{"start":{"line":2,"column":4},"end":{"line":8,"column":6}},"2":{"start":{"line":3,"column":23},"end":{"line":3,"column":44}},"3":{"start":{"line":4,"column":6},"end":{"line":6,"column":7}},"4":{"start":{"line":5,"column":8},"end":{"line":5,"column":88}},"5":{"start":{"line":7,"column":6},"end":{"line":7,"column":13}},"6":{"start":{"line":11,"column":2},"end":{"line":11,"column":38}}},"fnMap":{"0":{"name":"(anonymous_0)","decl":{"start":{"line":1,"column":23},"end":{"line":1,"column":24}},"loc":{"start":{"line":1,"column":44},"end":{"line":9,"column":3}},"line":1},"1":{"name":"(anonymous_1)","decl":{"start":{"line":2,"column":11},"end":{"line":2,"column":12}},"loc":{"start":{"line":2,"column":31},"end":{"line":8,"column":5}},"line":2}},"branchMap":{"0":{"loc":{"start":{"line":3,"column":23},"end":{"line":3,"column":44}},"type":"binary-expr","locations":[{"start":{"line":3,"column":23},"end":{"line":3,"column":38}},{"start":{"line":3,"column":42},"end":{"line":3,"column":44}}],"line":3},"1":{"loc":{"start":{"line":4,"column":6},"end":{"line":6,"column":7}},"type":"if","locations":[{"start":{"line":4,"column":6},"end":{"line":6,"column":7}},{"start":{},"end":{}}],"line":4}},"s":{"0":6,"1":72,"2":33,"3":33,"4":4,"5":29,"6":6},"f":{"0":72,"1":33},"b":{"0":[33,0],"1":[4,29]},"_coverageSchema":"1a1c01bbd47fc00a2c39e90264f33305004495a9","hash":"050e987dda0eea18bfc33bb1c17f6fc0517821d4"}
,"/Users/damian/workspace/online-store-server/middlewares/errorHandler.js": {"path":"/Users/damian/workspace/online-store-server/middlewares/errorHandler.js","statementMap":{"0":{"start":{"line":1,"column":21},"end":{"line":1,"column":47}},"1":{"start":{"line":2,"column":23},"end":{"line":2,"column":38}},"2":{"start":{"line":4,"column":21},"end":{"line":60,"column":1}},"3":{"start":{"line":5,"column":20},"end":{"line":5,"column":28}},"4":{"start":{"line":6,"column":47},"end":{"line":6,"column":50}},"5":{"start":{"line":8,"column":2},"end":{"line":19,"column":5}},"6":{"start":{"line":21,"column":2},"end":{"line":40,"column":3}},"7":{"start":{"line":22,"column":26},"end":{"line":37,"column":5}},"8":{"start":{"line":39,"column":4},"end":{"line":39,"column":58}},"9":{"start":{"line":44,"column":4},"end":{"line":50,"column":7}},"10":{"start":{"line":62,"column":0},"end":{"line":62,"column":30}}},"fnMap":{"0":{"name":"(anonymous_0)","decl":{"start":{"line":4,"column":21},"end":{"line":4,"column":22}},"loc":{"start":{"line":4,"column":46},"end":{"line":60,"column":1}},"line":4}},"branchMap":{"0":{"loc":{"start":{"line":11,"column":10},"end":{"line":11,"column":37}},"type":"binary-expr","locations":[{"start":{"line":11,"column":10},"end":{"line":11,"column":18}},{"start":{"line":11,"column":22},"end":{"line":11,"column":37}}],"line":11},"1":{"loc":{"start":{"line":12,"column":16},"end":{"line":12,"column":37}},"type":"binary-expr","locations":[{"start":{"line":12,"column":16},"end":{"line":12,"column":30}},{"start":{"line":12,"column":34},"end":{"line":12,"column":37}}],"line":12},"2":{"loc":{"start":{"line":21,"column":2},"end":{"line":40,"column":3}},"type":"if","locations":[{"start":{"line":21,"column":2},"end":{"line":40,"column":3}},{"start":{},"end":{}}],"line":21},"3":{"loc":{"start":{"line":26,"column":12},"end":{"line":26,"column":35}},"type":"binary-expr","locations":[{"start":{"line":26,"column":12},"end":{"line":26,"column":20}},{"start":{"line":26,"column":24},"end":{"line":26,"column":35}}],"line":26},"4":{"loc":{"start":{"line":29,"column":12},"end":{"line":29,"column":54}},"type":"binary-expr","locations":[{"start":{"line":29,"column":12},"end":{"line":29,"column":24}},{"start":{"line":29,"column":28},"end":{"line":29,"column":54}}],"line":29},"5":{"loc":{"start":{"line":30,"column":12},"end":{"line":30,"column":60}},"type":"binary-expr","locations":[{"start":{"line":30,"column":12},"end":{"line":30,"column":26}},{"start":{"line":30,"column":30},"end":{"line":30,"column":60}}],"line":30},"6":{"loc":{"start":{"line":31,"column":12},"end":{"line":31,"column":57}},"type":"binary-expr","locations":[{"start":{"line":31,"column":12},"end":{"line":31,"column":25}},{"start":{"line":31,"column":29},"end":{"line":31,"column":57}}],"line":31},"7":{"loc":{"start":{"line":32,"column":12},"end":{"line":32,"column":48}},"type":"binary-expr","locations":[{"start":{"line":32,"column":12},"end":{"line":32,"column":22}},{"start":{"line":32,"column":26},"end":{"line":32,"column":48}}],"line":32},"8":{"loc":{"start":{"line":33,"column":12},"end":{"line":33,"column":57}},"type":"binary-expr","locations":[{"start":{"line":33,"column":12},"end":{"line":33,"column":25}},{"start":{"line":33,"column":29},"end":{"line":33,"column":57}}],"line":33},"9":{"loc":{"start":{"line":34,"column":12},"end":{"line":34,"column":51}},"type":"binary-expr","locations":[{"start":{"line":34,"column":12},"end":{"line":34,"column":23}},{"start":{"line":34,"column":27},"end":{"line":34,"column":51}}],"line":34},"10":{"loc":{"start":{"line":35,"column":12},"end":{"line":35,"column":48}},"type":"binary-expr","locations":[{"start":{"line":35,"column":12},"end":{"line":35,"column":22}},{"start":{"line":35,"column":26},"end":{"line":35,"column":48}}],"line":35}},"s":{"0":6,"1":6,"2":6,"3":15,"4":15,"5":15,"6":15,"7":15,"8":15,"9":0,"10":6},"f":{"0":15},"b":{"0":[15,0],"1":[15,0],"2":[15,0],"3":[15,0],"4":[15,7],"5":[15,6],"6":[15,1],"7":[15,0],"8":[15,4],"9":[15,4],"10":[15,2]},"_coverageSchema":"1a1c01bbd47fc00a2c39e90264f33305004495a9","hash":"65c67ee5ed02fc351e8b4ddf294733bef9d210fb"}
,"/Users/damian/workspace/online-store-server/middlewares/validate.js": {"path":"/Users/damian/workspace/online-store-server/middlewares/validate.js","statementMap":{"0":{"start":{"line":1,"column":17},"end":{"line":14,"column":3}},"1":{"start":{"line":2,"column":4},"end":{"line":13,"column":6}},"2":{"start":{"line":3,"column":24},"end":{"line":3,"column":72}},"3":{"start":{"line":4,"column":6},"end":{"line":11,"column":7}},"4":{"start":{"line":5,"column":30},"end":{"line":5,"column":67}},"5":{"start":{"line":5,"column":55},"end":{"line":5,"column":66}},"6":{"start":{"line":6,"column":8},"end":{"line":10,"column":11}},"7":{"start":{"line":12,"column":6},"end":{"line":12,"column":13}},"8":{"start":{"line":16,"column":2},"end":{"line":16,"column":28}}},"fnMap":{"0":{"name":"(anonymous_0)","decl":{"start":{"line":1,"column":17},"end":{"line":1,"column":18}},"loc":{"start":{"line":1,"column":29},"end":{"line":14,"column":3}},"line":1},"1":{"name":"(anonymous_1)","decl":{"start":{"line":2,"column":11},"end":{"line":2,"column":12}},"loc":{"start":{"line":2,"column":31},"end":{"line":13,"column":5}},"line":2},"2":{"name":"(anonymous_2)","decl":{"start":{"line":5,"column":48},"end":{"line":5,"column":49}},"loc":{"start":{"line":5,"column":55},"end":{"line":5,"column":66}},"line":5}},"branchMap":{"0":{"loc":{"start":{"line":4,"column":6},"end":{"line":11,"column":7}},"type":"if","locations":[{"start":{"line":4,"column":6},"end":{"line":11,"column":7}},{"start":{},"end":{}}],"line":4}},"s":{"0":6,"1":18,"2":7,"3":7,"4":1,"5":1,"6":1,"7":6,"8":6},"f":{"0":18,"1":7,"2":1},"b":{"0":[1,6]},"_coverageSchema":"1a1c01bbd47fc00a2c39e90264f33305004495a9","hash":"85be2fa44abc9d026e19e7b2437b57d9fc4e1a3d"}
,"/Users/damian/workspace/online-store-server/middlewares/validateParams.js": {"path":"/Users/damian/workspace/online-store-server/middlewares/validateParams.js","statementMap":{"0":{"start":{"line":1,"column":23},"end":{"line":14,"column":3}},"1":{"start":{"line":2,"column":4},"end":{"line":13,"column":6}},"2":{"start":{"line":3,"column":24},"end":{"line":3,"column":74}},"3":{"start":{"line":4,"column":6},"end":{"line":11,"column":7}},"4":{"start":{"line":5,"column":30},"end":{"line":5,"column":67}},"5":{"start":{"line":5,"column":55},"end":{"line":5,"column":66}},"6":{"start":{"line":6,"column":8},"end":{"line":10,"column":11}},"7":{"start":{"line":12,"column":6},"end":{"line":12,"column":13}},"8":{"start":{"line":15,"column":2},"end":{"line":15,"column":34}}},"fnMap":{"0":{"name":"(anonymous_0)","decl":{"start":{"line":1,"column":23},"end":{"line":1,"column":24}},"loc":{"start":{"line":1,"column":35},"end":{"line":14,"column":3}},"line":1},"1":{"name":"(anonymous_1)","decl":{"start":{"line":2,"column":11},"end":{"line":2,"column":12}},"loc":{"start":{"line":2,"column":31},"end":{"line":13,"column":5}},"line":2},"2":{"name":"(anonymous_2)","decl":{"start":{"line":5,"column":48},"end":{"line":5,"column":49}},"loc":{"start":{"line":5,"column":55},"end":{"line":5,"column":66}},"line":5}},"branchMap":{"0":{"loc":{"start":{"line":4,"column":6},"end":{"line":11,"column":7}},"type":"if","locations":[{"start":{"line":4,"column":6},"end":{"line":11,"column":7}},{"start":{},"end":{}}],"line":4}},"s":{"0":6,"1":12,"2":6,"3":6,"4":0,"5":0,"6":0,"7":6,"8":6},"f":{"0":12,"1":6,"2":0},"b":{"0":[0,6]},"_coverageSchema":"1a1c01bbd47fc00a2c39e90264f33305004495a9","hash":"383c24fc2623c5ee9e03ac7ad4b60996002a5dfb"}
,"/Users/damian/workspace/online-store-server/models/cart.js": {"path":"/Users/damian/workspace/online-store-server/models/cart.js","statementMap":{"0":{"start":{"line":1,"column":17},"end":{"line":1,"column":36}},"1":{"start":{"line":3,"column":19},"end":{"line":15,"column":2}},"2":{"start":{"line":17,"column":0},"end":{"line":17,"column":52}}},"fnMap":{},"branchMap":{},"s":{"0":8,"1":8,"2":8},"f":{},"b":{},"_coverageSchema":"1a1c01bbd47fc00a2c39e90264f33305004495a9","hash":"ede8afa6ef23665aa97583b2d57c4c1fa16ca628"}
,"/Users/damian/workspace/online-store-server/models/category.js": {"path":"/Users/damian/workspace/online-store-server/models/category.js","statementMap":{"0":{"start":{"line":1,"column":17},"end":{"line":1,"column":36}},"1":{"start":{"line":2,"column":15},"end":{"line":2,"column":30}},"2":{"start":{"line":3,"column":19},"end":{"line":12,"column":2}},"3":{"start":{"line":14,"column":0},"end":{"line":14,"column":56}}},"fnMap":{},"branchMap":{},"s":{"0":7,"1":7,"2":7,"3":7},"f":{},"b":{},"_coverageSchema":"1a1c01bbd47fc00a2c39e90264f33305004495a9","hash":"cc5efccc3375de2571bdd349ecb5282aeaba6a54"}
,"/Users/damian/workspace/online-store-server/models/inventory.js": {"path":"/Users/damian/workspace/online-store-server/models/inventory.js","statementMap":{"0":{"start":{"line":1,"column":17},"end":{"line":1,"column":36}},"1":{"start":{"line":2,"column":15},"end":{"line":2,"column":30}},"2":{"start":{"line":3,"column":19},"end":{"line":6,"column":2}},"3":{"start":{"line":7,"column":0},"end":{"line":7,"column":57}}},"fnMap":{},"branchMap":{},"s":{"0":9,"1":9,"2":9,"3":9},"f":{},"b":{},"_coverageSchema":"1a1c01bbd47fc00a2c39e90264f33305004495a9","hash":"744b8c595c40ba24ec1bde321cdbafe0f826aed1"}
,"/Users/damian/workspace/online-store-server/models/order.js": {"path":"/Users/damian/workspace/online-store-server/models/order.js","statementMap":{"0":{"start":{"line":1,"column":17},"end":{"line":1,"column":36}},"1":{"start":{"line":3,"column":20},"end":{"line":23,"column":4}},"2":{"start":{"line":25,"column":0},"end":{"line":25,"column":54}}},"fnMap":{},"branchMap":{},"s":{"0":7,"1":7,"2":7},"f":{},"b":{},"_coverageSchema":"1a1c01bbd47fc00a2c39e90264f33305004495a9","hash":"1e86d8ba59ce7b811c76d9c9f490733adbd834a6"}
,"/Users/damian/workspace/online-store-server/models/product.js": {"path":"/Users/damian/workspace/online-store-server/models/product.js","statementMap":{"0":{"start":{"line":1,"column":17},"end":{"line":1,"column":36}},"1":{"start":{"line":2,"column":15},"end":{"line":2,"column":30}},"2":{"start":{"line":3,"column":19},"end":{"line":13,"column":2}},"3":{"start":{"line":15,"column":0},"end":{"line":15,"column":55}}},"fnMap":{},"branchMap":{},"s":{"0":8,"1":8,"2":8,"3":8},"f":{},"b":{},"_coverageSchema":"1a1c01bbd47fc00a2c39e90264f33305004495a9","hash":"08ddbfcdf29c25d5769c72f4e62bfeab5c689b3c"}
,"/Users/damian/workspace/online-store-server/models/user.js": {"path":"/Users/damian/workspace/online-store-server/models/user.js","statementMap":{"0":{"start":{"line":1,"column":17},"end":{"line":1,"column":36}},"1":{"start":{"line":2,"column":15},"end":{"line":2,"column":30}},"2":{"start":{"line":4,"column":19},"end":{"line":13,"column":2}},"3":{"start":{"line":15,"column":0},"end":{"line":15,"column":52}}},"fnMap":{},"branchMap":{},"s":{"0":7,"1":7,"2":7,"3":7},"f":{},"b":{},"_coverageSchema":"1a1c01bbd47fc00a2c39e90264f33305004495a9","hash":"b82a3ee3278f36cd696e5423be024e5907e8f0b2"}
,"/Users/damian/workspace/online-store-server/routes/cartRoutes.js": {"path":"/Users/damian/workspace/online-store-server/routes/cartRoutes.js","statementMap":{"0":{"start":{"line":143,"column":16},"end":{"line":143,"column":34}},"1":{"start":{"line":144,"column":68},"end":{"line":144,"column":108}},"2":{"start":{"line":145,"column":37},"end":{"line":145,"column":77}},"3":{"start":{"line":146,"column":27},"end":{"line":146,"column":67}},"4":{"start":{"line":147,"column":17},"end":{"line":147,"column":51}},"5":{"start":{"line":149,"column":32},"end":{"line":149,"column":71}},"6":{"start":{"line":151,"column":15},"end":{"line":151,"column":31}},"7":{"start":{"line":153,"column":0},"end":{"line":158,"column":2}},"8":{"start":{"line":160,"column":0},"end":{"line":164,"column":2}},"9":{"start":{"line":166,"column":0},"end":{"line":170,"column":2}},"10":{"start":{"line":172,"column":0},"end":{"line":172,"column":24}}},"fnMap":{},"branchMap":{},"s":{"0":6,"1":6,"2":6,"3":6,"4":6,"5":6,"6":6,"7":6,"8":6,"9":6,"10":6},"f":{},"b":{},"_coverageSchema":"1a1c01bbd47fc00a2c39e90264f33305004495a9","hash":"61407fc2a1e22c0c93511324a9bcde2654e6ffdd"}
,"/Users/damian/workspace/online-store-server/routes/categoryRoutes.js": {"path":"/Users/damian/workspace/online-store-server/routes/categoryRoutes.js","statementMap":{"0":{"start":{"line":51,"column":16},"end":{"line":51,"column":34}},"1":{"start":{"line":52,"column":33},"end":{"line":52,"column":77}},"2":{"start":{"line":53,"column":37},"end":{"line":53,"column":77}},"3":{"start":{"line":54,"column":27},"end":{"line":54,"column":67}},"4":{"start":{"line":56,"column":15},"end":{"line":56,"column":31}},"5":{"start":{"line":58,"column":0},"end":{"line":63,"column":2}},"6":{"start":{"line":65,"column":0},"end":{"line":65,"column":24}}},"fnMap":{},"branchMap":{},"s":{"0":6,"1":6,"2":6,"3":6,"4":6,"5":6,"6":6},"f":{},"b":{},"_coverageSchema":"1a1c01bbd47fc00a2c39e90264f33305004495a9","hash":"a6d11d0266dfdc49035b692f47d7eaecedbf2222"}
,"/Users/damian/workspace/online-store-server/routes/inventoryRoutes.js": {"path":"/Users/damian/workspace/online-store-server/routes/inventoryRoutes.js","statementMap":{"0":{"start":{"line":61,"column":16},"end":{"line":61,"column":34}},"1":{"start":{"line":62,"column":32},"end":{"line":62,"column":77}},"2":{"start":{"line":63,"column":37},"end":{"line":63,"column":77}},"3":{"start":{"line":64,"column":27},"end":{"line":64,"column":67}},"4":{"start":{"line":66,"column":15},"end":{"line":66,"column":31}},"5":{"start":{"line":68,"column":0},"end":{"line":73,"column":2}},"6":{"start":{"line":75,"column":0},"end":{"line":75,"column":24}}},"fnMap":{},"branchMap":{},"s":{"0":6,"1":6,"2":6,"3":6,"4":6,"5":6,"6":6},"f":{},"b":{},"_coverageSchema":"1a1c01bbd47fc00a2c39e90264f33305004495a9","hash":"5992fb0a6477690150b32098c6f3035166a953ab"}
,"/Users/damian/workspace/online-store-server/routes/orderRoutes.js": {"path":"/Users/damian/workspace/online-store-server/routes/orderRoutes.js","statementMap":{"0":{"start":{"line":214,"column":16},"end":{"line":214,"column":34}},"1":{"start":{"line":215,"column":73},"end":{"line":215,"column":114}},"2":{"start":{"line":216,"column":37},"end":{"line":216,"column":77}},"3":{"start":{"line":217,"column":27},"end":{"line":217,"column":67}},"4":{"start":{"line":219,"column":15},"end":{"line":219,"column":31}},"5":{"start":{"line":221,"column":0},"end":{"line":226,"column":2}},"6":{"start":{"line":228,"column":0},"end":{"line":233,"column":2}},"7":{"start":{"line":235,"column":0},"end":{"line":240,"column":2}},"8":{"start":{"line":242,"column":0},"end":{"line":242,"column":24}}},"fnMap":{},"branchMap":{},"s":{"0":6,"1":6,"2":6,"3":6,"4":6,"5":6,"6":6,"7":6,"8":6},"f":{},"b":{},"_coverageSchema":"1a1c01bbd47fc00a2c39e90264f33305004495a9","hash":"51916f421023f83c25f137a7f3cf32567cf9c6b9"}
,"/Users/damian/workspace/online-store-server/routes/productRoutes.js": {"path":"/Users/damian/workspace/online-store-server/routes/productRoutes.js","statementMap":{"0":{"start":{"line":93,"column":16},"end":{"line":93,"column":34}},"1":{"start":{"line":94,"column":52},"end":{"line":94,"column":95}},"2":{"start":{"line":95,"column":48},"end":{"line":95,"column":90}},"3":{"start":{"line":96,"column":23},"end":{"line":96,"column":63}},"4":{"start":{"line":97,"column":37},"end":{"line":97,"column":77}},"5":{"start":{"line":98,"column":27},"end":{"line":98,"column":67}},"6":{"start":{"line":100,"column":15},"end":{"line":100,"column":31}},"7":{"start":{"line":102,"column":0},"end":{"line":108,"column":2}},"8":{"start":{"line":110,"column":0},"end":{"line":116,"column":2}},"9":{"start":{"line":118,"column":0},"end":{"line":118,"column":24}}},"fnMap":{},"branchMap":{},"s":{"0":6,"1":6,"2":6,"3":6,"4":6,"5":6,"6":6,"7":6,"8":6,"9":6},"f":{},"b":{},"_coverageSchema":"1a1c01bbd47fc00a2c39e90264f33305004495a9","hash":"a137e133c43df1317ee188ff7dda506237b5fc51"}
,"/Users/damian/workspace/online-store-server/routes/userRoutes.js": {"path":"/Users/damian/workspace/online-store-server/routes/userRoutes.js","statementMap":{"0":{"start":{"line":162,"column":16},"end":{"line":162,"column":34}},"1":{"start":{"line":168,"column":4},"end":{"line":168,"column":44}},"2":{"start":{"line":169,"column":37},"end":{"line":169,"column":77}},"3":{"start":{"line":170,"column":27},"end":{"line":170,"column":67}},"4":{"start":{"line":171,"column":48},"end":{"line":171,"column":87}},"5":{"start":{"line":172,"column":17},"end":{"line":172,"column":51}},"6":{"start":{"line":174,"column":15},"end":{"line":174,"column":31}},"7":{"start":{"line":176,"column":0},"end":{"line":180,"column":2}},"8":{"start":{"line":182,"column":0},"end":{"line":187,"column":2}},"9":{"start":{"line":189,"column":0},"end":{"line":194,"column":2}},"10":{"start":{"line":196,"column":0},"end":{"line":200,"column":2}},"11":{"start":{"line":202,"column":0},"end":{"line":202,"column":24}}},"fnMap":{},"branchMap":{},"s":{"0":6,"1":6,"2":6,"3":6,"4":6,"5":6,"6":6,"7":6,"8":6,"9":6,"10":6,"11":6},"f":{},"b":{},"_coverageSchema":"1a1c01bbd47fc00a2c39e90264f33305004495a9","hash":"d96b8df4551f0bbae78aefb8c5d70fe47075fa73"}
,"/Users/damian/workspace/online-store-server/services/cartService.js": {"path":"/Users/damian/workspace/online-store-server/services/cartService.js","statementMap":{"0":{"start":{"line":1,"column":13},"end":{"line":1,"column":38}},"1":{"start":{"line":2,"column":32},"end":{"line":2,"column":61}},"2":{"start":{"line":3,"column":61},"end":{"line":3,"column":87}},"3":{"start":{"line":5,"column":26},"end":{"line":5,"column":28}},"4":{"start":{"line":7,"column":22},"end":{"line":28,"column":1}},"5":{"start":{"line":8,"column":15},"end":{"line":8,"column":47}},"6":{"start":{"line":9,"column":2},"end":{"line":27,"column":3}},"7":{"start":{"line":10,"column":4},"end":{"line":10,"column":51}},"8":{"start":{"line":11,"column":25},"end":{"line":11,"column":73}},"9":{"start":{"line":12,"column":4},"end":{"line":12,"column":30}},"10":{"start":{"line":13,"column":4},"end":{"line":13,"column":22}},"11":{"start":{"line":14,"column":4},"end":{"line":14,"column":24}},"12":{"start":{"line":16,"column":4},"end":{"line":22,"column":5}},"13":{"start":{"line":17,"column":6},"end":{"line":19,"column":7}},"14":{"start":{"line":18,"column":8},"end":{"line":18,"column":56}},"15":{"start":{"line":21,"column":6},"end":{"line":21,"column":111}},"16":{"start":{"line":23,"column":4},"end":{"line":25,"column":5}},"17":{"start":{"line":24,"column":6},"end":{"line":24,"column":16}},"18":{"start":{"line":26,"column":4},"end":{"line":26,"column":84}},"19":{"start":{"line":30,"column":16},"end":{"line":37,"column":1}},"20":{"start":{"line":31,"column":2},"end":{"line":36,"column":3}},"21":{"start":{"line":32,"column":17},"end":{"line":32,"column":49}},"22":{"start":{"line":33,"column":4},"end":{"line":33,"column":34}},"23":{"start":{"line":35,"column":4},"end":{"line":35,"column":78}},"24":{"start":{"line":39,"column":19},"end":{"line":45,"column":1}},"25":{"start":{"line":40,"column":2},"end":{"line":44,"column":3}},"26":{"start":{"line":41,"column":4},"end":{"line":41,"column":46}},"27":{"start":{"line":43,"column":4},"end":{"line":43,"column":81}},"28":{"start":{"line":47,"column":25},"end":{"line":57,"column":1}},"29":{"start":{"line":48,"column":2},"end":{"line":56,"column":3}},"30":{"start":{"line":49,"column":17},"end":{"line":49,"column":49}},"31":{"start":{"line":50,"column":4},"end":{"line":52,"column":5}},"32":{"start":{"line":51,"column":6},"end":{"line":51,"column":56}},"33":{"start":{"line":53,"column":4},"end":{"line":53,"column":16}},"34":{"start":{"line":55,"column":4},"end":{"line":55,"column":81}},"35":{"start":{"line":59,"column":24},"end":{"line":78,"column":1}},"36":{"start":{"line":60,"column":23},"end":{"line":60,"column":35}},"37":{"start":{"line":61,"column":26},"end":{"line":61,"column":54}},"38":{"start":{"line":63,"column":2},"end":{"line":65,"column":3}},"39":{"start":{"line":64,"column":4},"end":{"line":64,"column":76}},"40":{"start":{"line":67,"column":2},"end":{"line":69,"column":3}},"41":{"start":{"line":68,"column":4},"end":{"line":68,"column":85}},"42":{"start":{"line":71,"column":2},"end":{"line":75,"column":3}},"43":{"start":{"line":72,"column":4},"end":{"line":72,"column":35}},"44":{"start":{"line":74,"column":4},"end":{"line":74,"column":57}},"45":{"start":{"line":77,"column":2},"end":{"line":77,"column":22}},"46":{"start":{"line":80,"column":0},"end":{"line":85,"column":2}}},"fnMap":{"0":{"name":"(anonymous_0)","decl":{"start":{"line":7,"column":22},"end":{"line":7,"column":23}},"loc":{"start":{"line":7,"column":63},"end":{"line":28,"column":1}},"line":7},"1":{"name":"(anonymous_1)","decl":{"start":{"line":30,"column":16},"end":{"line":30,"column":17}},"loc":{"start":{"line":30,"column":36},"end":{"line":37,"column":1}},"line":30},"2":{"name":"(anonymous_2)","decl":{"start":{"line":39,"column":19},"end":{"line":39,"column":20}},"loc":{"start":{"line":39,"column":39},"end":{"line":45,"column":1}},"line":39},"3":{"name":"(anonymous_3)","decl":{"start":{"line":47,"column":25},"end":{"line":47,"column":26}},"loc":{"start":{"line":47,"column":45},"end":{"line":57,"column":1}},"line":47},"4":{"name":"(anonymous_4)","decl":{"start":{"line":59,"column":24},"end":{"line":59,"column":25}},"loc":{"start":{"line":59,"column":56},"end":{"line":78,"column":1}},"line":59}},"branchMap":{"0":{"loc":{"start":{"line":17,"column":6},"end":{"line":19,"column":7}},"type":"if","locations":[{"start":{"line":17,"column":6},"end":{"line":19,"column":7}},{"start":{},"end":{}}],"line":17},"1":{"loc":{"start":{"line":23,"column":4},"end":{"line":25,"column":5}},"type":"if","locations":[{"start":{"line":23,"column":4},"end":{"line":25,"column":5}},{"start":{},"end":{}}],"line":23},"2":{"loc":{"start":{"line":33,"column":11},"end":{"line":33,"column":33}},"type":"cond-expr","locations":[{"start":{"line":33,"column":18},"end":{"line":33,"column":28}},{"start":{"line":33,"column":31},"end":{"line":33,"column":33}}],"line":33},"3":{"loc":{"start":{"line":50,"column":4},"end":{"line":52,"column":5}},"type":"if","locations":[{"start":{"line":50,"column":4},"end":{"line":52,"column":5}},{"start":{},"end":{}}],"line":50},"4":{"loc":{"start":{"line":61,"column":26},"end":{"line":61,"column":54}},"type":"binary-expr","locations":[{"start":{"line":61,"column":26},"end":{"line":61,"column":49}},{"start":{"line":61,"column":53},"end":{"line":61,"column":54}}],"line":61},"5":{"loc":{"start":{"line":63,"column":2},"end":{"line":65,"column":3}},"type":"if","locations":[{"start":{"line":63,"column":2},"end":{"line":65,"column":3}},{"start":{},"end":{}}],"line":63},"6":{"loc":{"start":{"line":67,"column":2},"end":{"line":69,"column":3}},"type":"if","locations":[{"start":{"line":67,"column":2},"end":{"line":69,"column":3}},{"start":{},"end":{}}],"line":67},"7":{"loc":{"start":{"line":71,"column":2},"end":{"line":75,"column":3}},"type":"if","locations":[{"start":{"line":71,"column":2},"end":{"line":75,"column":3}},{"start":{"line":73,"column":9},"end":{"line":75,"column":3}}],"line":71}},"s":{"0":8,"1":8,"2":8,"3":8,"4":8,"5":4,"6":4,"7":4,"8":4,"9":3,"10":3,"11":2,"12":2,"13":2,"14":2,"15":0,"16":2,"17":1,"18":1,"19":8,"20":10,"21":10,"22":9,"23":1,"24":8,"25":6,"26":6,"27":1,"28":8,"29":10,"30":10,"31":9,"32":5,"33":4,"34":1,"35":8,"36":4,"37":4,"38":4,"39":1,"40":3,"41":0,"42":3,"43":0,"44":3,"45":3,"46":8},"f":{"0":4,"1":10,"2":6,"3":10,"4":4},"b":{"0":[2,0],"1":[1,1],"2":[5,4],"3":[5,4],"4":[4,4],"5":[1,3],"6":[0,3],"7":[0,3]},"_coverageSchema":"1a1c01bbd47fc00a2c39e90264f33305004495a9","hash":"3e54336ce41f4562fa47182944f48135c6ee8cd6"}
,"/Users/damian/workspace/online-store-server/services/categoryService.js": {"path":"/Users/damian/workspace/online-store-server/services/categoryService.js","statementMap":{"0":{"start":{"line":1,"column":17},"end":{"line":1,"column":46}},"1":{"start":{"line":2,"column":26},"end":{"line":2,"column":52}},"2":{"start":{"line":4,"column":22},"end":{"line":10,"column":1}},"3":{"start":{"line":5,"column":2},"end":{"line":9,"column":3}},"4":{"start":{"line":6,"column":4},"end":{"line":6,"column":55}},"5":{"start":{"line":8,"column":4},"end":{"line":8,"column":115}},"6":{"start":{"line":12,"column":0},"end":{"line":14,"column":2}}},"fnMap":{"0":{"name":"(anonymous_0)","decl":{"start":{"line":4,"column":22},"end":{"line":4,"column":23}},"loc":{"start":{"line":4,"column":34},"end":{"line":10,"column":1}},"line":4}},"branchMap":{},"s":{"0":7,"1":7,"2":7,"3":6,"4":6,"5":2,"6":7},"f":{"0":6},"b":{},"_coverageSchema":"1a1c01bbd47fc00a2c39e90264f33305004495a9","hash":"c4e6db7f7378ecf72c822f7b9580a30ebbb257cd"}
,"/Users/damian/workspace/online-store-server/services/inventoryService.js": {"path":"/Users/damian/workspace/online-store-server/services/inventoryService.js","statementMap":{"0":{"start":{"line":1,"column":18},"end":{"line":1,"column":48}},"1":{"start":{"line":2,"column":57},"end":{"line":2,"column":83}},"2":{"start":{"line":4,"column":21},"end":{"line":20,"column":1}},"3":{"start":{"line":5,"column":2},"end":{"line":19,"column":3}},"4":{"start":{"line":6,"column":28},"end":{"line":6,"column":51}},"5":{"start":{"line":7,"column":4},"end":{"line":9,"column":5}},"6":{"start":{"line":8,"column":6},"end":{"line":8,"column":64}},"7":{"start":{"line":11,"column":29},"end":{"line":11,"column":87}},"8":{"start":{"line":12,"column":4},"end":{"line":14,"column":5}},"9":{"start":{"line":13,"column":6},"end":{"line":13,"column":62}},"10":{"start":{"line":15,"column":4},"end":{"line":15,"column":28}},"11":{"start":{"line":17,"column":4},"end":{"line":17,"column":87}},"12":{"start":{"line":17,"column":75},"end":{"line":17,"column":87}},"13":{"start":{"line":18,"column":4},"end":{"line":18,"column":87}},"14":{"start":{"line":22,"column":28},"end":{"line":38,"column":1}},"15":{"start":{"line":23,"column":2},"end":{"line":37,"column":3}},"16":{"start":{"line":24,"column":29},"end":{"line":24,"column":67}},"17":{"start":{"line":25,"column":4},"end":{"line":27,"column":5}},"18":{"start":{"line":26,"column":6},"end":{"line":26,"column":63}},"19":{"start":{"line":28,"column":4},"end":{"line":30,"column":5}},"20":{"start":{"line":29,"column":6},"end":{"line":29,"column":128}},"21":{"start":{"line":31,"column":4},"end":{"line":31,"column":42}},"22":{"start":{"line":32,"column":4},"end":{"line":32,"column":34}},"23":{"start":{"line":33,"column":4},"end":{"line":33,"column":28}},"24":{"start":{"line":35,"column":4},"end":{"line":35,"column":53}},"25":{"start":{"line":35,"column":41},"end":{"line":35,"column":53}},"26":{"start":{"line":36,"column":4},"end":{"line":36,"column":90}},"27":{"start":{"line":40,"column":0},"end":{"line":43,"column":2}}},"fnMap":{"0":{"name":"(anonymous_0)","decl":{"start":{"line":4,"column":21},"end":{"line":4,"column":22}},"loc":{"start":{"line":4,"column":42},"end":{"line":20,"column":1}},"line":4},"1":{"name":"(anonymous_1)","decl":{"start":{"line":22,"column":28},"end":{"line":22,"column":29}},"loc":{"start":{"line":22,"column":59},"end":{"line":38,"column":1}},"line":22}},"branchMap":{"0":{"loc":{"start":{"line":7,"column":4},"end":{"line":9,"column":5}},"type":"if","locations":[{"start":{"line":7,"column":4},"end":{"line":9,"column":5}},{"start":{},"end":{}}],"line":7},"1":{"loc":{"start":{"line":7,"column":8},"end":{"line":7,"column":66}},"type":"binary-expr","locations":[{"start":{"line":7,"column":8},"end":{"line":7,"column":42}},{"start":{"line":7,"column":46},"end":{"line":7,"column":66}}],"line":7},"2":{"loc":{"start":{"line":12,"column":4},"end":{"line":14,"column":5}},"type":"if","locations":[{"start":{"line":12,"column":4},"end":{"line":14,"column":5}},{"start":{},"end":{}}],"line":12},"3":{"loc":{"start":{"line":17,"column":4},"end":{"line":17,"column":87}},"type":"if","locations":[{"start":{"line":17,"column":4},"end":{"line":17,"column":87}},{"start":{},"end":{}}],"line":17},"4":{"loc":{"start":{"line":17,"column":8},"end":{"line":17,"column":73}},"type":"binary-expr","locations":[{"start":{"line":17,"column":8},"end":{"line":17,"column":39}},{"start":{"line":17,"column":43},"end":{"line":17,"column":73}}],"line":17},"5":{"loc":{"start":{"line":25,"column":4},"end":{"line":27,"column":5}},"type":"if","locations":[{"start":{"line":25,"column":4},"end":{"line":27,"column":5}},{"start":{},"end":{}}],"line":25},"6":{"loc":{"start":{"line":28,"column":4},"end":{"line":30,"column":5}},"type":"if","locations":[{"start":{"line":28,"column":4},"end":{"line":30,"column":5}},{"start":{},"end":{}}],"line":28},"7":{"loc":{"start":{"line":35,"column":4},"end":{"line":35,"column":53}},"type":"if","locations":[{"start":{"line":35,"column":4},"end":{"line":35,"column":53}},{"start":{},"end":{}}],"line":35}},"s":{"0":9,"1":9,"2":9,"3":7,"4":7,"5":7,"6":1,"7":6,"8":4,"9":2,"10":2,"11":5,"12":3,"13":2,"14":9,"15":7,"16":7,"17":6,"18":2,"19":4,"20":2,"21":2,"22":2,"23":2,"24":5,"25":4,"26":1,"27":9},"f":{"0":7,"1":7},"b":{"0":[1,6],"1":[7,6],"2":[2,2],"3":[3,2],"4":[5,4],"5":[2,4],"6":[2,2],"7":[4,1]},"_coverageSchema":"1a1c01bbd47fc00a2c39e90264f33305004495a9","hash":"f3b166a4dfc4161c49146881973fff7d96aaa751"}
,"/Users/damian/workspace/online-store-server/services/orderService.js": {"path":"/Users/damian/workspace/online-store-server/services/orderService.js","statementMap":{"0":{"start":{"line":1,"column":14},"end":{"line":1,"column":40}},"1":{"start":{"line":2,"column":58},"end":{"line":2,"column":84}},"2":{"start":{"line":3,"column":32},"end":{"line":3,"column":56}},"3":{"start":{"line":4,"column":29},"end":{"line":4,"column":56}},"4":{"start":{"line":6,"column":17},"end":{"line":54,"column":1}},"5":{"start":{"line":7,"column":2},"end":{"line":53,"column":3}},"6":{"start":{"line":8,"column":17},"end":{"line":8,"column":40}},"7":{"start":{"line":9,"column":4},"end":{"line":11,"column":5}},"8":{"start":{"line":10,"column":6},"end":{"line":10,"column":89}},"9":{"start":{"line":13,"column":23},"end":{"line":13,"column":60}},"10":{"start":{"line":13,"column":50},"end":{"line":13,"column":59}},"11":{"start":{"line":14,"column":21},"end":{"line":14,"column":55}},"12":{"start":{"line":15,"column":27},"end":{"line":18,"column":10}},"13":{"start":{"line":16,"column":6},"end":{"line":16,"column":44}},"14":{"start":{"line":17,"column":6},"end":{"line":17,"column":17}},"15":{"start":{"line":20,"column":28},"end":{"line":23,"column":10}},"16":{"start":{"line":21,"column":6},"end":{"line":21,"column":45}},"17":{"start":{"line":22,"column":6},"end":{"line":22,"column":17}},"18":{"start":{"line":25,"column":23},"end":{"line":31,"column":9}},"19":{"start":{"line":26,"column":27},"end":{"line":26,"column":61}},"20":{"start":{"line":27,"column":6},"end":{"line":29,"column":7}},"21":{"start":{"line":28,"column":8},"end":{"line":28,"column":54}},"22":{"start":{"line":30,"column":6},"end":{"line":30,"column":45}},"23":{"start":{"line":33,"column":24},"end":{"line":42,"column":5}},"24":{"start":{"line":35,"column":66},"end":{"line":40,"column":7}},"25":{"start":{"line":44,"column":21},"end":{"line":44,"column":52}},"26":{"start":{"line":45,"column":4},"end":{"line":45,"column":31}},"27":{"start":{"line":47,"column":4},"end":{"line":47,"column":76}},"28":{"start":{"line":49,"column":4},"end":{"line":51,"column":5}},"29":{"start":{"line":50,"column":6},"end":{"line":50,"column":18}},"30":{"start":{"line":52,"column":4},"end":{"line":52,"column":102}},"31":{"start":{"line":56,"column":24},"end":{"line":69,"column":1}},"32":{"start":{"line":57,"column":2},"end":{"line":68,"column":3}},"33":{"start":{"line":58,"column":19},"end":{"line":58,"column":73}},"34":{"start":{"line":59,"column":4},"end":{"line":61,"column":5}},"35":{"start":{"line":60,"column":6},"end":{"line":60,"column":69}},"36":{"start":{"line":62,"column":4},"end":{"line":62,"column":18}},"37":{"start":{"line":64,"column":4},"end":{"line":66,"column":5}},"38":{"start":{"line":65,"column":6},"end":{"line":65,"column":18}},"39":{"start":{"line":67,"column":4},"end":{"line":67,"column":116}},"40":{"start":{"line":71,"column":21},"end":{"line":84,"column":1}},"41":{"start":{"line":72,"column":2},"end":{"line":83,"column":3}},"42":{"start":{"line":73,"column":18},"end":{"line":73,"column":60}},"43":{"start":{"line":74,"column":4},"end":{"line":76,"column":5}},"44":{"start":{"line":75,"column":6},"end":{"line":75,"column":43}},"45":{"start":{"line":77,"column":4},"end":{"line":77,"column":17}},"46":{"start":{"line":79,"column":4},"end":{"line":81,"column":5}},"47":{"start":{"line":80,"column":6},"end":{"line":80,"column":18}},"48":{"start":{"line":82,"column":4},"end":{"line":82,"column":126}},"49":{"start":{"line":86,"column":0},"end":{"line":90,"column":2}}},"fnMap":{"0":{"name":"(anonymous_0)","decl":{"start":{"line":6,"column":17},"end":{"line":6,"column":18}},"loc":{"start":{"line":6,"column":37},"end":{"line":54,"column":1}},"line":6},"1":{"name":"(anonymous_1)","decl":{"start":{"line":13,"column":45},"end":{"line":13,"column":46}},"loc":{"start":{"line":13,"column":50},"end":{"line":13,"column":59}},"line":13},"2":{"name":"(anonymous_2)","decl":{"start":{"line":15,"column":43},"end":{"line":15,"column":44}},"loc":{"start":{"line":15,"column":61},"end":{"line":18,"column":5}},"line":15},"3":{"name":"(anonymous_3)","decl":{"start":{"line":20,"column":44},"end":{"line":20,"column":45}},"loc":{"start":{"line":20,"column":62},"end":{"line":23,"column":5}},"line":20},"4":{"name":"(anonymous_4)","decl":{"start":{"line":25,"column":51},"end":{"line":25,"column":52}},"loc":{"start":{"line":25,"column":85},"end":{"line":31,"column":5}},"line":25},"5":{"name":"(anonymous_5)","decl":{"start":{"line":35,"column":38},"end":{"line":35,"column":39}},"loc":{"start":{"line":35,"column":66},"end":{"line":40,"column":7}},"line":35},"6":{"name":"(anonymous_6)","decl":{"start":{"line":56,"column":24},"end":{"line":56,"column":25}},"loc":{"start":{"line":56,"column":44},"end":{"line":69,"column":1}},"line":56},"7":{"name":"(anonymous_7)","decl":{"start":{"line":71,"column":21},"end":{"line":71,"column":22}},"loc":{"start":{"line":71,"column":45},"end":{"line":84,"column":1}},"line":71}},"branchMap":{"0":{"loc":{"start":{"line":9,"column":4},"end":{"line":11,"column":5}},"type":"if","locations":[{"start":{"line":9,"column":4},"end":{"line":11,"column":5}},{"start":{},"end":{}}],"line":9},"1":{"loc":{"start":{"line":9,"column":8},"end":{"line":9,"column":46}},"type":"binary-expr","locations":[{"start":{"line":9,"column":8},"end":{"line":9,"column":13}},{"start":{"line":9,"column":16},"end":{"line":9,"column":46}}],"line":9},"2":{"loc":{"start":{"line":27,"column":6},"end":{"line":29,"column":7}},"type":"if","locations":[{"start":{"line":27,"column":6},"end":{"line":29,"column":7}},{"start":{},"end":{}}],"line":27},"3":{"loc":{"start":{"line":49,"column":4},"end":{"line":51,"column":5}},"type":"if","locations":[{"start":{"line":49,"column":4},"end":{"line":51,"column":5}},{"start":{},"end":{}}],"line":49},"4":{"loc":{"start":{"line":49,"column":8},"end":{"line":49,"column":74}},"type":"binary-expr","locations":[{"start":{"line":49,"column":8},"end":{"line":49,"column":40}},{"start":{"line":49,"column":44},"end":{"line":49,"column":74}}],"line":49},"5":{"loc":{"start":{"line":59,"column":4},"end":{"line":61,"column":5}},"type":"if","locations":[{"start":{"line":59,"column":4},"end":{"line":61,"column":5}},{"start":{},"end":{}}],"line":59},"6":{"loc":{"start":{"line":59,"column":8},"end":{"line":59,"column":38}},"type":"binary-expr","locations":[{"start":{"line":59,"column":8},"end":{"line":59,"column":15}},{"start":{"line":59,"column":19},"end":{"line":59,"column":38}}],"line":59},"7":{"loc":{"start":{"line":64,"column":4},"end":{"line":66,"column":5}},"type":"if","locations":[{"start":{"line":64,"column":4},"end":{"line":66,"column":5}},{"start":{},"end":{}}],"line":64},"8":{"loc":{"start":{"line":74,"column":4},"end":{"line":76,"column":5}},"type":"if","locations":[{"start":{"line":74,"column":4},"end":{"line":76,"column":5}},{"start":{},"end":{}}],"line":74},"9":{"loc":{"start":{"line":79,"column":4},"end":{"line":81,"column":5}},"type":"if","locations":[{"start":{"line":79,"column":4},"end":{"line":81,"column":5}},{"start":{},"end":{}}],"line":79}},"s":{"0":7,"1":7,"2":7,"3":7,"4":7,"5":5,"6":5,"7":5,"8":2,"9":3,"10":5,"11":3,"12":3,"13":4,"14":4,"15":3,"16":4,"17":4,"18":3,"19":5,"20":5,"21":1,"22":4,"23":2,"24":3,"25":2,"26":2,"27":2,"28":3,"29":3,"30":0,"31":7,"32":5,"33":5,"34":4,"35":2,"36":2,"37":3,"38":2,"39":1,"40":7,"41":5,"42":5,"43":4,"44":2,"45":2,"46":3,"47":2,"48":1,"49":7},"f":{"0":5,"1":5,"2":4,"3":4,"4":5,"5":3,"6":5,"7":5},"b":{"0":[2,3],"1":[5,5],"2":[1,4],"3":[3,0],"4":[3,1],"5":[2,2],"6":[4,4],"7":[2,1],"8":[2,2],"9":[2,1]},"_coverageSchema":"1a1c01bbd47fc00a2c39e90264f33305004495a9","hash":"655689ee62aa98e0e3703cabf4e24efe060cc5a9"}
,"/Users/damian/workspace/online-store-server/services/productService.js": {"path":"/Users/damian/workspace/online-store-server/services/productService.js","statementMap":{"0":{"start":{"line":1,"column":17},"end":{"line":1,"column":45}},"1":{"start":{"line":2,"column":41},"end":{"line":2,"column":67}},"2":{"start":{"line":4,"column":13},"end":{"line":4,"column":31}},"3":{"start":{"line":6,"column":22},"end":{"line":13,"column":1}},"4":{"start":{"line":7,"column":2},"end":{"line":12,"column":3}},"5":{"start":{"line":8,"column":26},"end":{"line":8,"column":75}},"6":{"start":{"line":9,"column":4},"end":{"line":9,"column":52}},"7":{"start":{"line":11,"column":4},"end":{"line":11,"column":125}},"8":{"start":{"line":15,"column":19},"end":{"line":28,"column":1}},"9":{"start":{"line":16,"column":2},"end":{"line":27,"column":3}},"10":{"start":{"line":17,"column":20},"end":{"line":17,"column":63}},"11":{"start":{"line":18,"column":4},"end":{"line":20,"column":5}},"12":{"start":{"line":19,"column":6},"end":{"line":19,"column":72}},"13":{"start":{"line":21,"column":4},"end":{"line":21,"column":19}},"14":{"start":{"line":23,"column":4},"end":{"line":25,"column":5}},"15":{"start":{"line":24,"column":6},"end":{"line":24,"column":18}},"16":{"start":{"line":26,"column":4},"end":{"line":26,"column":81}},"17":{"start":{"line":30,"column":25},"end":{"line":43,"column":1}},"18":{"start":{"line":31,"column":2},"end":{"line":42,"column":3}},"19":{"start":{"line":32,"column":21},"end":{"line":32,"column":76}},"20":{"start":{"line":33,"column":4},"end":{"line":35,"column":5}},"21":{"start":{"line":34,"column":6},"end":{"line":34,"column":65}},"22":{"start":{"line":36,"column":4},"end":{"line":36,"column":20}},"23":{"start":{"line":38,"column":4},"end":{"line":40,"column":5}},"24":{"start":{"line":39,"column":6},"end":{"line":39,"column":18}},"25":{"start":{"line":41,"column":4},"end":{"line":41,"column":119}},"26":{"start":{"line":45,"column":27},"end":{"line":51,"column":1}},"27":{"start":{"line":46,"column":24},"end":{"line":46,"column":26}},"28":{"start":{"line":47,"column":2},"end":{"line":47,"column":50}},"29":{"start":{"line":47,"column":16},"end":{"line":47,"column":50}},"30":{"start":{"line":48,"column":2},"end":{"line":48,"column":59}},"31":{"start":{"line":48,"column":19},"end":{"line":48,"column":59}},"32":{"start":{"line":49,"column":2},"end":{"line":49,"column":71}},"33":{"start":{"line":49,"column":14},"end":{"line":49,"column":71}},"34":{"start":{"line":50,"column":2},"end":{"line":50,"column":23}},"35":{"start":{"line":53,"column":0},"end":{"line":57,"column":2}}},"fnMap":{"0":{"name":"(anonymous_0)","decl":{"start":{"line":6,"column":22},"end":{"line":6,"column":23}},"loc":{"start":{"line":6,"column":63},"end":{"line":13,"column":1}},"line":6},"1":{"name":"(anonymous_1)","decl":{"start":{"line":15,"column":19},"end":{"line":15,"column":20}},"loc":{"start":{"line":15,"column":40},"end":{"line":28,"column":1}},"line":15},"2":{"name":"(anonymous_2)","decl":{"start":{"line":30,"column":25},"end":{"line":30,"column":26}},"loc":{"start":{"line":30,"column":47},"end":{"line":43,"column":1}},"line":30},"3":{"name":"(anonymous_3)","decl":{"start":{"line":45,"column":27},"end":{"line":45,"column":28}},"loc":{"start":{"line":45,"column":62},"end":{"line":51,"column":1}},"line":45}},"branchMap":{"0":{"loc":{"start":{"line":18,"column":4},"end":{"line":20,"column":5}},"type":"if","locations":[{"start":{"line":18,"column":4},"end":{"line":20,"column":5}},{"start":{},"end":{}}],"line":18},"1":{"loc":{"start":{"line":23,"column":4},"end":{"line":25,"column":5}},"type":"if","locations":[{"start":{"line":23,"column":4},"end":{"line":25,"column":5}},{"start":{},"end":{}}],"line":23},"2":{"loc":{"start":{"line":33,"column":4},"end":{"line":35,"column":5}},"type":"if","locations":[{"start":{"line":33,"column":4},"end":{"line":35,"column":5}},{"start":{},"end":{}}],"line":33},"3":{"loc":{"start":{"line":33,"column":8},"end":{"line":33,"column":42}},"type":"binary-expr","locations":[{"start":{"line":33,"column":8},"end":{"line":33,"column":17}},{"start":{"line":33,"column":21},"end":{"line":33,"column":42}}],"line":33},"4":{"loc":{"start":{"line":38,"column":4},"end":{"line":40,"column":5}},"type":"if","locations":[{"start":{"line":38,"column":4},"end":{"line":40,"column":5}},{"start":{},"end":{}}],"line":38},"5":{"loc":{"start":{"line":47,"column":2},"end":{"line":47,"column":50}},"type":"if","locations":[{"start":{"line":47,"column":2},"end":{"line":47,"column":50}},{"start":{},"end":{}}],"line":47},"6":{"loc":{"start":{"line":48,"column":2},"end":{"line":48,"column":59}},"type":"if","locations":[{"start":{"line":48,"column":2},"end":{"line":48,"column":59}},{"start":{},"end":{}}],"line":48},"7":{"loc":{"start":{"line":49,"column":2},"end":{"line":49,"column":71}},"type":"if","locations":[{"start":{"line":49,"column":2},"end":{"line":49,"column":71}},{"start":{},"end":{}}],"line":49}},"s":{"0":8,"1":8,"2":8,"3":8,"4":6,"5":6,"6":6,"7":1,"8":8,"9":5,"10":5,"11":4,"12":2,"13":2,"14":3,"15":2,"16":1,"17":8,"18":6,"19":6,"20":6,"21":2,"22":4,"23":2,"24":2,"25":0,"26":8,"27":6,"28":6,"29":5,"30":6,"31":5,"32":6,"33":3,"34":6,"35":8},"f":{"0":6,"1":5,"2":6,"3":6},"b":{"0":[2,2],"1":[2,1],"2":[2,4],"3":[6,6],"4":[2,0],"5":[5,1],"6":[5,1],"7":[3,3]},"_coverageSchema":"1a1c01bbd47fc00a2c39e90264f33305004495a9","hash":"bbf373a13a3028a7d93d86d2ce4d49c50a742676"}
,"/Users/damian/workspace/online-store-server/services/userService.js": {"path":"/Users/damian/workspace/online-store-server/services/userService.js","statementMap":{"0":{"start":{"line":1,"column":14},"end":{"line":1,"column":39}},"1":{"start":{"line":2,"column":77},"end":{"line":2,"column":103}},"2":{"start":{"line":3,"column":41},"end":{"line":3,"column":67}},"3":{"start":{"line":4,"column":26},"end":{"line":4,"column":51}},"4":{"start":{"line":6,"column":21},"end":{"line":29,"column":1}},"5":{"start":{"line":7,"column":2},"end":{"line":28,"column":3}},"6":{"start":{"line":8,"column":25},"end":{"line":8,"column":80}},"7":{"start":{"line":9,"column":4},"end":{"line":11,"column":5}},"8":{"start":{"line":10,"column":6},"end":{"line":10,"column":91}},"9":{"start":{"line":13,"column":27},"end":{"line":13,"column":49}},"10":{"start":{"line":14,"column":20},"end":{"line":19,"column":6}},"11":{"start":{"line":21,"column":4},"end":{"line":21,"column":25}},"12":{"start":{"line":23,"column":18},"end":{"line":23,"column":40}},"13":{"start":{"line":24,"column":4},"end":{"line":24,"column":91}},"14":{"start":{"line":26,"column":4},"end":{"line":26,"column":54}},"15":{"start":{"line":26,"column":42},"end":{"line":26,"column":54}},"16":{"start":{"line":27,"column":4},"end":{"line":27,"column":62}},"17":{"start":{"line":31,"column":26},"end":{"line":40,"column":1}},"18":{"start":{"line":32,"column":2},"end":{"line":39,"column":3}},"19":{"start":{"line":33,"column":17},"end":{"line":33,"column":83}},"20":{"start":{"line":34,"column":4},"end":{"line":34,"column":57}},"21":{"start":{"line":34,"column":15},"end":{"line":34,"column":57}},"22":{"start":{"line":35,"column":4},"end":{"line":35,"column":16}},"23":{"start":{"line":37,"column":4},"end":{"line":37,"column":52}},"24":{"start":{"line":37,"column":40},"end":{"line":37,"column":52}},"25":{"start":{"line":38,"column":4},"end":{"line":38,"column":84}},"26":{"start":{"line":42,"column":29},"end":{"line":51,"column":1}},"27":{"start":{"line":43,"column":2},"end":{"line":50,"column":3}},"28":{"start":{"line":44,"column":19},"end":{"line":44,"column":61}},"29":{"start":{"line":45,"column":4},"end":{"line":45,"column":59}},"30":{"start":{"line":45,"column":17},"end":{"line":45,"column":59}},"31":{"start":{"line":46,"column":4},"end":{"line":46,"column":18}},"32":{"start":{"line":48,"column":4},"end":{"line":48,"column":52}},"33":{"start":{"line":48,"column":40},"end":{"line":48,"column":52}},"34":{"start":{"line":49,"column":4},"end":{"line":49,"column":87}},"35":{"start":{"line":53,"column":18},"end":{"line":69,"column":1}},"36":{"start":{"line":54,"column":2},"end":{"line":68,"column":3}},"37":{"start":{"line":55,"column":17},"end":{"line":55,"column":50}},"38":{"start":{"line":56,"column":4},"end":{"line":56,"column":57}},"39":{"start":{"line":56,"column":15},"end":{"line":56,"column":57}},"40":{"start":{"line":59,"column":26},"end":{"line":59,"column":65}},"41":{"start":{"line":60,"column":4},"end":{"line":60,"column":75}},"42":{"start":{"line":60,"column":24},"end":{"line":60,"column":75}},"43":{"start":{"line":62,"column":18},"end":{"line":62,"column":37}},"44":{"start":{"line":63,"column":4},"end":{"line":63,"column":82}},"45":{"start":{"line":65,"column":4},"end":{"line":65,"column":91}},"46":{"start":{"line":65,"column":79},"end":{"line":65,"column":91}},"47":{"start":{"line":67,"column":4},"end":{"line":67,"column":72}},"48":{"start":{"line":71,"column":16},"end":{"line":84,"column":1}},"49":{"start":{"line":72,"column":2},"end":{"line":83,"column":3}},"50":{"start":{"line":73,"column":17},"end":{"line":73,"column":83}},"51":{"start":{"line":74,"column":4},"end":{"line":76,"column":5}},"52":{"start":{"line":75,"column":6},"end":{"line":75,"column":48}},"53":{"start":{"line":77,"column":4},"end":{"line":77,"column":16}},"54":{"start":{"line":79,"column":4},"end":{"line":81,"column":5}},"55":{"start":{"line":80,"column":6},"end":{"line":80,"column":18}},"56":{"start":{"line":82,"column":4},"end":{"line":82,"column":97}},"57":{"start":{"line":86,"column":0},"end":{"line":92,"column":2}}},"fnMap":{"0":{"name":"(anonymous_0)","decl":{"start":{"line":6,"column":21},"end":{"line":6,"column":22}},"loc":{"start":{"line":6,"column":58},"end":{"line":29,"column":1}},"line":6},"1":{"name":"(anonymous_1)","decl":{"start":{"line":31,"column":26},"end":{"line":31,"column":27}},"loc":{"start":{"line":31,"column":46},"end":{"line":40,"column":1}},"line":31},"2":{"name":"(anonymous_2)","decl":{"start":{"line":42,"column":29},"end":{"line":42,"column":30}},"loc":{"start":{"line":42,"column":49},"end":{"line":51,"column":1}},"line":42},"3":{"name":"(anonymous_3)","decl":{"start":{"line":53,"column":18},"end":{"line":53,"column":19}},"loc":{"start":{"line":53,"column":48},"end":{"line":69,"column":1}},"line":53},"4":{"name":"(anonymous_4)","decl":{"start":{"line":71,"column":16},"end":{"line":71,"column":17}},"loc":{"start":{"line":71,"column":36},"end":{"line":84,"column":1}},"line":71}},"branchMap":{"0":{"loc":{"start":{"line":9,"column":4},"end":{"line":11,"column":5}},"type":"if","locations":[{"start":{"line":9,"column":4},"end":{"line":11,"column":5}},{"start":{},"end":{}}],"line":9},"1":{"loc":{"start":{"line":26,"column":4},"end":{"line":26,"column":54}},"type":"if","locations":[{"start":{"line":26,"column":4},"end":{"line":26,"column":54}},{"start":{},"end":{}}],"line":26},"2":{"loc":{"start":{"line":34,"column":4},"end":{"line":34,"column":57}},"type":"if","locations":[{"start":{"line":34,"column":4},"end":{"line":34,"column":57}},{"start":{},"end":{}}],"line":34},"3":{"loc":{"start":{"line":37,"column":4},"end":{"line":37,"column":52}},"type":"if","locations":[{"start":{"line":37,"column":4},"end":{"line":37,"column":52}},{"start":{},"end":{}}],"line":37},"4":{"loc":{"start":{"line":45,"column":4},"end":{"line":45,"column":59}},"type":"if","locations":[{"start":{"line":45,"column":4},"end":{"line":45,"column":59}},{"start":{},"end":{}}],"line":45},"5":{"loc":{"start":{"line":48,"column":4},"end":{"line":48,"column":52}},"type":"if","locations":[{"start":{"line":48,"column":4},"end":{"line":48,"column":52}},{"start":{},"end":{}}],"line":48},"6":{"loc":{"start":{"line":56,"column":4},"end":{"line":56,"column":57}},"type":"if","locations":[{"start":{"line":56,"column":4},"end":{"line":56,"column":57}},{"start":{},"end":{}}],"line":56},"7":{"loc":{"start":{"line":60,"column":4},"end":{"line":60,"column":75}},"type":"if","locations":[{"start":{"line":60,"column":4},"end":{"line":60,"column":75}},{"start":{},"end":{}}],"line":60},"8":{"loc":{"start":{"line":65,"column":4},"end":{"line":65,"column":91}},"type":"if","locations":[{"start":{"line":65,"column":4},"end":{"line":65,"column":91}},{"start":{},"end":{}}],"line":65},"9":{"loc":{"start":{"line":65,"column":8},"end":{"line":65,"column":76}},"type":"binary-expr","locations":[{"start":{"line":65,"column":8},"end":{"line":65,"column":42}},{"start":{"line":65,"column":46},"end":{"line":65,"column":76}}],"line":65},"10":{"loc":{"start":{"line":74,"column":4},"end":{"line":76,"column":5}},"type":"if","locations":[{"start":{"line":74,"column":4},"end":{"line":76,"column":5}},{"start":{},"end":{}}],"line":74},"11":{"loc":{"start":{"line":79,"column":4},"end":{"line":81,"column":5}},"type":"if","locations":[{"start":{"line":79,"column":4},"end":{"line":81,"column":5}},{"start":{},"end":{}}],"line":79}},"s":{"0":7,"1":7,"2":7,"3":7,"4":7,"5":11,"6":11,"7":11,"8":3,"9":8,"10":8,"11":8,"12":8,"13":8,"14":3,"15":3,"16":0,"17":7,"18":4,"19":4,"20":4,"21":2,"22":2,"23":2,"24":2,"25":0,"26":7,"27":4,"28":4,"29":4,"30":2,"31":2,"32":2,"33":2,"34":0,"35":7,"36":6,"37":6,"38":6,"39":2,"40":4,"41":4,"42":2,"43":2,"44":2,"45":4,"46":4,"47":0,"48":7,"49":2,"50":2,"51":2,"52":1,"53":1,"54":1,"55":1,"56":0,"57":7},"f":{"0":11,"1":4,"2":4,"3":6,"4":2},"b":{"0":[3,8],"1":[3,0],"2":[2,2],"3":[2,0],"4":[2,2],"5":[2,0],"6":[2,4],"7":[2,2],"8":[4,0],"9":[4,2],"10":[1,1],"11":[1,0]},"_coverageSchema":"1a1c01bbd47fc00a2c39e90264f33305004495a9","hash":"cc72623e93c10c3129103ba8b9103464be848429"}
,"/Users/damian/workspace/online-store-server/utils/crypto.js": {"path":"/Users/damian/workspace/online-store-server/utils/crypto.js","statementMap":{"0":{"start":{"line":1,"column":15},"end":{"line":1,"column":32}},"1":{"start":{"line":2,"column":20},"end":{"line":2,"column":22}},"2":{"start":{"line":4,"column":21},"end":{"line":10,"column":1}},"3":{"start":{"line":5,"column":2},"end":{"line":7,"column":3}},"4":{"start":{"line":6,"column":4},"end":{"line":6,"column":49}},"5":{"start":{"line":8,"column":15},"end":{"line":8,"column":46}},"6":{"start":{"line":9,"column":2},"end":{"line":9,"column":41}},"7":{"start":{"line":12,"column":23},"end":{"line":17,"column":1}},"8":{"start":{"line":13,"column":2},"end":{"line":15,"column":3}},"9":{"start":{"line":14,"column":4},"end":{"line":14,"column":69}},"10":{"start":{"line":16,"column":2},"end":{"line":16,"column":54}},"11":{"start":{"line":19,"column":0},"end":{"line":19,"column":50}}},"fnMap":{"0":{"name":"(anonymous_0)","decl":{"start":{"line":4,"column":21},"end":{"line":4,"column":22}},"loc":{"start":{"line":4,"column":35},"end":{"line":10,"column":1}},"line":4},"1":{"name":"(anonymous_1)","decl":{"start":{"line":12,"column":23},"end":{"line":12,"column":24}},"loc":{"start":{"line":12,"column":53},"end":{"line":17,"column":1}},"line":12}},"branchMap":{"0":{"loc":{"start":{"line":5,"column":2},"end":{"line":7,"column":3}},"type":"if","locations":[{"start":{"line":5,"column":2},"end":{"line":7,"column":3}},{"start":{},"end":{}}],"line":5},"1":{"loc":{"start":{"line":13,"column":2},"end":{"line":15,"column":3}},"type":"if","locations":[{"start":{"line":13,"column":2},"end":{"line":15,"column":3}},{"start":{},"end":{}}],"line":13},"2":{"loc":{"start":{"line":13,"column":6},"end":{"line":13,"column":34}},"type":"binary-expr","locations":[{"start":{"line":13,"column":6},"end":{"line":13,"column":15}},{"start":{"line":13,"column":19},"end":{"line":13,"column":34}}],"line":13}},"s":{"0":7,"1":7,"2":7,"3":9,"4":0,"5":9,"6":9,"7":7,"8":4,"9":0,"10":4,"11":7},"f":{"0":9,"1":4},"b":{"0":[0,9],"1":[0,4],"2":[4,4]},"_coverageSchema":"1a1c01bbd47fc00a2c39e90264f33305004495a9","hash":"704b4bf25eb9df3345db23df3d878fc4ba205c05"}
,"/Users/damian/workspace/online-store-server/utils/errors.js": {"path":"/Users/damian/workspace/online-store-server/utils/errors.js","statementMap":{"0":{"start":{"line":3,"column":8},"end":{"line":3,"column":23}},"1":{"start":{"line":4,"column":8},"end":{"line":4,"column":44}},"2":{"start":{"line":5,"column":8},"end":{"line":5,"column":34}},"3":{"start":{"line":6,"column":8},"end":{"line":6,"column":50}},"4":{"start":{"line":7,"column":8},"end":{"line":7,"column":56}},"5":{"start":{"line":13,"column":8},"end":{"line":13,"column":28}},"6":{"start":{"line":14,"column":8},"end":{"line":14,"column":29}},"7":{"start":{"line":15,"column":8},"end":{"line":15,"column":39}},"8":{"start":{"line":21,"column":8},"end":{"line":21,"column":28}},"9":{"start":{"line":22,"column":8},"end":{"line":22,"column":37}},"10":{"start":{"line":23,"column":8},"end":{"line":23,"column":35}},"11":{"start":{"line":24,"column":8},"end":{"line":24,"column":31}},"12":{"start":{"line":30,"column":24},"end":{"line":30,"column":118}},"13":{"start":{"line":31,"column":8},"end":{"line":31,"column":28}},"14":{"start":{"line":32,"column":8},"end":{"line":32,"column":33}},"15":{"start":{"line":33,"column":8},"end":{"line":33,"column":37}},"16":{"start":{"line":34,"column":8},"end":{"line":34,"column":32}},"17":{"start":{"line":40,"column":8},"end":{"line":40,"column":28}},"18":{"start":{"line":41,"column":8},"end":{"line":41,"column":35}},"19":{"start":{"line":47,"column":8},"end":{"line":47,"column":28}},"20":{"start":{"line":48,"column":8},"end":{"line":48,"column":32}},"21":{"start":{"line":54,"column":8},"end":{"line":54,"column":28}},"22":{"start":{"line":55,"column":8},"end":{"line":55,"column":33}},"23":{"start":{"line":56,"column":8},"end":{"line":56,"column":41}},"24":{"start":{"line":56,"column":20},"end":{"line":56,"column":41}},"25":{"start":{"line":62,"column":8},"end":{"line":62,"column":75}},"26":{"start":{"line":63,"column":8},"end":{"line":63,"column":38}},"27":{"start":{"line":64,"column":8},"end":{"line":64,"column":35}},"28":{"start":{"line":70,"column":8},"end":{"line":70,"column":28}},"29":{"start":{"line":71,"column":8},"end":{"line":71,"column":34}},"30":{"start":{"line":77,"column":8},"end":{"line":77,"column":28}},"31":{"start":{"line":78,"column":8},"end":{"line":78,"column":43}},"32":{"start":{"line":84,"column":8},"end":{"line":84,"column":23}},"33":{"start":{"line":85,"column":8},"end":{"line":85,"column":30}},"34":{"start":{"line":86,"column":8},"end":{"line":86,"column":47}},"35":{"start":{"line":87,"column":8},"end":{"line":87,"column":43}},"36":{"start":{"line":88,"column":8},"end":{"line":88,"column":50}},"37":{"start":{"line":89,"column":8},"end":{"line":89,"column":56}},"38":{"start":{"line":93,"column":0},"end":{"line":105,"column":2}}},"fnMap":{"0":{"name":"(anonymous_0)","decl":{"start":{"line":2,"column":4},"end":{"line":2,"column":5}},"loc":{"start":{"line":2,"column":37},"end":{"line":8,"column":5}},"line":2},"1":{"name":"(anonymous_1)","decl":{"start":{"line":12,"column":4},"end":{"line":12,"column":5}},"loc":{"start":{"line":12,"column":60},"end":{"line":16,"column":5}},"line":12},"2":{"name":"(anonymous_2)","decl":{"start":{"line":20,"column":4},"end":{"line":20,"column":5}},"loc":{"start":{"line":20,"column":62},"end":{"line":25,"column":5}},"line":20},"3":{"name":"(anonymous_3)","decl":{"start":{"line":29,"column":4},"end":{"line":29,"column":5}},"loc":{"start":{"line":29,"column":56},"end":{"line":35,"column":5}},"line":29},"4":{"name":"(anonymous_4)","decl":{"start":{"line":39,"column":4},"end":{"line":39,"column":5}},"loc":{"start":{"line":39,"column":49},"end":{"line":42,"column":5}},"line":39},"5":{"name":"(anonymous_5)","decl":{"start":{"line":46,"column":4},"end":{"line":46,"column":5}},"loc":{"start":{"line":46,"column":46},"end":{"line":49,"column":5}},"line":46},"6":{"name":"(anonymous_6)","decl":{"start":{"line":53,"column":4},"end":{"line":53,"column":5}},"loc":{"start":{"line":53,"column":40},"end":{"line":57,"column":5}},"line":53},"7":{"name":"(anonymous_7)","decl":{"start":{"line":61,"column":4},"end":{"line":61,"column":5}},"loc":{"start":{"line":61,"column":36},"end":{"line":65,"column":5}},"line":61},"8":{"name":"(anonymous_8)","decl":{"start":{"line":69,"column":4},"end":{"line":69,"column":5}},"loc":{"start":{"line":69,"column":25},"end":{"line":72,"column":5}},"line":69},"9":{"name":"(anonymous_9)","decl":{"start":{"line":76,"column":4},"end":{"line":76,"column":5}},"loc":{"start":{"line":76,"column":52},"end":{"line":79,"column":5}},"line":76},"10":{"name":"(anonymous_10)","decl":{"start":{"line":83,"column":4},"end":{"line":83,"column":5}},"loc":{"start":{"line":83,"column":47},"end":{"line":90,"column":5}},"line":83}},"branchMap":{"0":{"loc":{"start":{"line":4,"column":26},"end":{"line":4,"column":43}},"type":"binary-expr","locations":[{"start":{"line":4,"column":26},"end":{"line":4,"column":36}},{"start":{"line":4,"column":40},"end":{"line":4,"column":43}}],"line":4},"1":{"loc":{"start":{"line":12,"column":16},"end":{"line":12,"column":27}},"type":"default-arg","locations":[{"start":{"line":12,"column":25},"end":{"line":12,"column":27}}],"line":12},"2":{"loc":{"start":{"line":12,"column":29},"end":{"line":12,"column":58}},"type":"default-arg","locations":[{"start":{"line":12,"column":39},"end":{"line":12,"column":58}}],"line":12},"3":{"loc":{"start":{"line":20,"column":25},"end":{"line":20,"column":46}},"type":"default-arg","locations":[{"start":{"line":20,"column":37},"end":{"line":20,"column":46}}],"line":20},"4":{"loc":{"start":{"line":20,"column":48},"end":{"line":20,"column":60}},"type":"default-arg","locations":[{"start":{"line":20,"column":58},"end":{"line":20,"column":60}}],"line":20},"5":{"loc":{"start":{"line":29,"column":16},"end":{"line":29,"column":37}},"type":"default-arg","locations":[{"start":{"line":29,"column":27},"end":{"line":29,"column":37}}],"line":29},"6":{"loc":{"start":{"line":29,"column":39},"end":{"line":29,"column":54}},"type":"default-arg","locations":[{"start":{"line":29,"column":52},"end":{"line":29,"column":54}}],"line":29},"7":{"loc":{"start":{"line":30,"column":24},"end":{"line":30,"column":118}},"type":"cond-expr","locations":[{"start":{"line":30,"column":37},"end":{"line":30,"column":92}},{"start":{"line":30,"column":95},"end":{"line":30,"column":118}}],"line":30},"8":{"loc":{"start":{"line":39,"column":16},"end":{"line":39,"column":47}},"type":"default-arg","locations":[{"start":{"line":39,"column":26},"end":{"line":39,"column":47}}],"line":39},"9":{"loc":{"start":{"line":46,"column":16},"end":{"line":46,"column":44}},"type":"default-arg","locations":[{"start":{"line":46,"column":26},"end":{"line":46,"column":44}}],"line":46},"10":{"loc":{"start":{"line":53,"column":25},"end":{"line":53,"column":38}},"type":"default-arg","locations":[{"start":{"line":53,"column":34},"end":{"line":53,"column":38}}],"line":53},"11":{"loc":{"start":{"line":56,"column":8},"end":{"line":56,"column":41}},"type":"if","locations":[{"start":{"line":56,"column":8},"end":{"line":56,"column":41}},{"start":{},"end":{}}],"line":56},"12":{"loc":{"start":{"line":76,"column":16},"end":{"line":76,"column":50}},"type":"default-arg","locations":[{"start":{"line":76,"column":26},"end":{"line":76,"column":50}}],"line":76},"13":{"loc":{"start":{"line":83,"column":25},"end":{"line":83,"column":45}},"type":"default-arg","locations":[{"start":{"line":83,"column":41},"end":{"line":83,"column":45}}],"line":83}},"s":{"0":44,"1":44,"2":44,"3":44,"4":44,"5":5,"6":5,"7":5,"8":13,"9":13,"10":13,"11":13,"12":18,"13":18,"14":18,"15":18,"16":18,"17":2,"18":2,"19":0,"20":0,"21":1,"22":1,"23":1,"24":0,"25":5,"26":5,"27":5,"28":0,"29":0,"30":0,"31":0,"32":0,"33":0,"34":0,"35":0,"36":0,"37":0,"38":13},"f":{"0":44,"1":5,"2":13,"3":18,"4":2,"5":0,"6":1,"7":5,"8":0,"9":0,"10":0},"b":{"0":[44,0],"1":[0],"2":[0],"3":[0],"4":[9],"5":[0],"6":[2],"7":[15,3],"8":[0],"9":[0],"10":[1],"11":[0,1],"12":[0],"13":[0]},"_coverageSchema":"1a1c01bbd47fc00a2c39e90264f33305004495a9","hash":"7b569a306a8aecd3dc02451e14808ee0a7d8cf17"}
,"/Users/damian/workspace/online-store-server/utils/token.js": {"path":"/Users/damian/workspace/online-store-server/utils/token.js","statementMap":{"0":{"start":{"line":1,"column":12},"end":{"line":1,"column":35}},"1":{"start":{"line":3,"column":19},"end":{"line":3,"column":66}},"2":{"start":{"line":6,"column":22},"end":{"line":16,"column":1}},"3":{"start":{"line":7,"column":2},"end":{"line":15,"column":4}},"4":{"start":{"line":19,"column":20},"end":{"line":25,"column":1}},"5":{"start":{"line":20,"column":2},"end":{"line":24,"column":3}},"6":{"start":{"line":21,"column":4},"end":{"line":21,"column":41}},"7":{"start":{"line":23,"column":4},"end":{"line":23,"column":48}},"8":{"start":{"line":27,"column":0},"end":{"line":27,"column":48}}},"fnMap":{"0":{"name":"(anonymous_0)","decl":{"start":{"line":6,"column":22},"end":{"line":6,"column":23}},"loc":{"start":{"line":6,"column":32},"end":{"line":16,"column":1}},"line":6},"1":{"name":"(anonymous_1)","decl":{"start":{"line":19,"column":20},"end":{"line":19,"column":21}},"loc":{"start":{"line":19,"column":31},"end":{"line":25,"column":1}},"line":19}},"branchMap":{"0":{"loc":{"start":{"line":3,"column":19},"end":{"line":3,"column":66}},"type":"binary-expr","locations":[{"start":{"line":3,"column":19},"end":{"line":3,"column":41}},{"start":{"line":3,"column":45},"end":{"line":3,"column":66}}],"line":3}},"s":{"0":7,"1":7,"2":7,"3":29,"4":7,"5":0,"6":0,"7":0,"8":7},"f":{"0":29,"1":0},"b":{"0":[7,1]},"_coverageSchema":"1a1c01bbd47fc00a2c39e90264f33305004495a9","hash":"74d3911a75a8d15ffd22f2d5c3ee0f89b9404666"}
,"/Users/damian/workspace/online-store-server/validation/cartValidation.js": {"path":"/Users/damian/workspace/online-store-server/validation/cartValidation.js","statementMap":{"0":{"start":{"line":1,"column":12},"end":{"line":1,"column":26}},"1":{"start":{"line":3,"column":27},"end":{"line":3,"column":41}},"2":{"start":{"line":5,"column":28},"end":{"line":29,"column":2}},"3":{"start":{"line":31,"column":0},"end":{"line":31,"column":61}}},"fnMap":{},"branchMap":{},"s":{"0":6,"1":6,"2":6,"3":6},"f":{},"b":{},"_coverageSchema":"1a1c01bbd47fc00a2c39e90264f33305004495a9","hash":"6c8873d7500a74309f0d36cdaffb7533151953e2"}
,"/Users/damian/workspace/online-store-server/validation/productValidation.js": {"path":"/Users/damian/workspace/online-store-server/validation/productValidation.js","statementMap":{"0":{"start":{"line":1,"column":12},"end":{"line":1,"column":26}},"1":{"start":{"line":3,"column":27},"end":{"line":31,"column":2}},"2":{"start":{"line":33,"column":24},"end":{"line":44,"column":2}},"3":{"start":{"line":46,"column":0},"end":{"line":46,"column":57}}},"fnMap":{},"branchMap":{},"s":{"0":6,"1":6,"2":6,"3":6},"f":{},"b":{},"_coverageSchema":"1a1c01bbd47fc00a2c39e90264f33305004495a9","hash":"a80f11ab2b2d640943cf9d3a8d4728506d1dd0fc"}
,"/Users/damian/workspace/online-store-server/validation/userValidation.js": {"path":"/Users/damian/workspace/online-store-server/validation/userValidation.js","statementMap":{"0":{"start":{"line":1,"column":12},"end":{"line":1,"column":26}},"1":{"start":{"line":3,"column":27},"end":{"line":25,"column":2}},"2":{"start":{"line":27,"column":24},"end":{"line":43,"column":2}},"3":{"start":{"line":45,"column":0},"end":{"line":45,"column":57}}},"fnMap":{},"branchMap":{},"s":{"0":6,"1":6,"2":6,"3":6},"f":{},"b":{},"_coverageSchema":"1a1c01bbd47fc00a2c39e90264f33305004495a9","hash":"12a36b63b7bcf75023c816a80cc14c528c095da3"}
}
