TN:
SF:app.js
FNF:0
FNH:0
DA:1,6
DA:2,6
DA:3,6
DA:4,6
DA:5,6
DA:6,6
DA:7,6
DA:9,6
DA:10,6
DA:11,6
DA:12,6
DA:13,6
DA:14,6
DA:15,6
DA:17,6
DA:20,6
DA:23,6
DA:26,6
DA:27,6
DA:30,6
DA:33,6
DA:36,6
DA:39,6
DA:40,6
DA:41,6
DA:42,6
DA:43,6
DA:44,6
DA:47,6
DA:49,6
LF:30
LH:30
BRF:0
BRH:0
end_of_record
TN:
SF:controllers/cartController.js
FN:4,(anonymous_0)
FN:21,(anonymous_1)
FN:31,(anonymous_2)
FNF:3
FNH:3
FNDA:1,(anonymous_0)
FNDA:2,(anonymous_1)
FNDA:2,(anonymous_2)
DA:1,6
DA:2,6
DA:4,6
DA:5,1
DA:6,1
DA:7,1
DA:9,1
DA:10,0
DA:13,1
DA:14,1
DA:15,1
DA:17,0
DA:21,6
DA:22,2
DA:23,2
DA:24,2
DA:25,2
DA:27,0
DA:31,6
DA:32,2
DA:33,2
DA:34,2
DA:35,2
DA:37,0
DA:41,6
LF:25
LH:21
BRDA:9,0,0,0
BRDA:9,0,1,1
BRDA:13,1,0,1
BRDA:13,1,1,0
BRF:4
BRH:2
end_of_record
TN:
SF:controllers/categoryController.js
FN:3,(anonymous_0)
FNF:1
FNH:1
FNDA:3,(anonymous_0)
DA:1,6
DA:3,6
DA:4,3
DA:5,3
DA:6,2
DA:8,1
DA:12,6
LF:7
LH:7
BRF:0
BRH:0
end_of_record
TN:
SF:controllers/inventoryController.js
FN:3,(anonymous_0)
FNF:1
FNH:1
FNDA:4,(anonymous_0)
DA:1,6
DA:3,6
DA:4,4
DA:5,4
DA:6,4
DA:7,1
DA:9,3
DA:13,6
LF:8
LH:8
BRF:0
BRH:0
end_of_record
TN:
SF:controllers/orderController.js
FN:3,(anonymous_0)
FN:13,(anonymous_1)
FN:23,(anonymous_2)
FNF:3
FNH:3
FNDA:2,(anonymous_0)
FNDA:2,(anonymous_1)
FNDA:2,(anonymous_2)
DA:1,6
DA:3,6
DA:4,2
DA:5,2
DA:6,2
DA:7,1
DA:9,1
DA:13,6
DA:14,2
DA:15,2
DA:16,2
DA:17,1
DA:19,1
DA:23,6
DA:24,2
DA:25,2
DA:26,2
DA:27,2
DA:28,1
DA:30,1
DA:34,6
LF:21
LH:21
BRF:0
BRH:0
end_of_record
TN:
SF:controllers/productController.js
FN:3,(anonymous_0)
FN:13,(anonymous_1)
FNF:2
FNH:2
FNDA:3,(anonymous_0)
FNDA:3,(anonymous_1)
DA:1,6
DA:3,6
DA:4,3
DA:5,3
DA:6,3
DA:7,2
DA:9,1
DA:13,6
DA:14,3
DA:15,3
DA:16,3
DA:17,1
DA:19,2
DA:23,6
LF:14
LH:14
BRF:0
BRH:0
end_of_record
TN:
SF:controllers/userController.js
FN:3,(anonymous_0)
FN:13,(anonymous_1)
FN:23,(anonymous_2)
FN:33,(anonymous_3)
FNF:4
FNH:4
FNDA:2,(anonymous_0)
FNDA:2,(anonymous_1)
FNDA:2,(anonymous_2)
FNDA:3,(anonymous_3)
DA:1,6
DA:3,6
DA:4,2
DA:5,2
DA:6,2
DA:7,1
DA:9,1
DA:13,6
DA:14,2
DA:15,2
DA:16,2
DA:17,1
DA:19,1
DA:23,6
DA:24,2
DA:25,2
DA:26,2
DA:27,1
DA:29,1
DA:33,6
DA:34,3
DA:35,3
DA:36,3
DA:37,1
DA:39,2
DA:43,6
LF:26
LH:26
BRF:0
BRH:0
end_of_record
TN:
SF:middlewares/authMiddleware.js
FN:4,(anonymous_0)
FNF:1
FNH:1
FNDA:33,(anonymous_0)
DA:1,6
DA:2,6
DA:4,6
DA:5,33
DA:7,33
DA:8,17
DA:9,17
DA:12,16
DA:14,16
DA:15,16
DA:16,16
DA:21,16
DA:23,0
DA:27,6
LF:14
LH:13
BRDA:2,0,0,6
BRDA:2,0,1,0
BRDA:7,1,0,17
BRDA:7,1,1,16
BRDA:7,2,0,33
BRDA:7,2,1,16
BRDA:19,3,0,16
BRDA:19,3,1,2
BRF:8
BRH:7
end_of_record
TN:
SF:middlewares/authorizeRoles.js
FN:1,(anonymous_0)
FN:2,(anonymous_1)
FNF:2
FNH:2
FNDA:72,(anonymous_0)
FNDA:33,(anonymous_1)
DA:1,6
DA:2,72
DA:3,33
DA:4,33
DA:5,4
DA:7,29
DA:11,6
LF:7
LH:7
BRDA:3,0,0,33
BRDA:3,0,1,0
BRDA:4,1,0,4
BRDA:4,1,1,29
BRF:4
BRH:3
end_of_record
TN:
SF:middlewares/errorHandler.js
FN:4,(anonymous_0)
FNF:1
FNH:1
FNDA:15,(anonymous_0)
DA:1,6
DA:2,6
DA:4,6
DA:5,15
DA:6,15
DA:8,15
DA:21,15
DA:22,15
DA:39,15
DA:44,0
DA:62,6
LF:11
LH:10
BRDA:11,0,0,15
BRDA:11,0,1,0
BRDA:12,1,0,15
BRDA:12,1,1,0
BRDA:21,2,0,15
BRDA:21,2,1,0
BRDA:26,3,0,15
BRDA:26,3,1,0
BRDA:29,4,0,15
BRDA:29,4,1,7
BRDA:30,5,0,15
BRDA:30,5,1,6
BRDA:31,6,0,15
BRDA:31,6,1,1
BRDA:32,7,0,15
BRDA:32,7,1,0
BRDA:33,8,0,15
BRDA:33,8,1,4
BRDA:34,9,0,15
BRDA:34,9,1,4
BRDA:35,10,0,15
BRDA:35,10,1,2
BRF:22
BRH:17
end_of_record
TN:
SF:middlewares/validate.js
FN:1,(anonymous_0)
FN:2,(anonymous_1)
FN:5,(anonymous_2)
FNF:3
FNH:3
FNDA:18,(anonymous_0)
FNDA:7,(anonymous_1)
FNDA:1,(anonymous_2)
DA:1,6
DA:2,18
DA:3,7
DA:4,7
DA:5,1
DA:6,1
DA:12,6
DA:16,6
LF:8
LH:8
BRDA:4,0,0,1
BRDA:4,0,1,6
BRF:2
BRH:2
end_of_record
TN:
SF:middlewares/validateParams.js
FN:1,(anonymous_0)
FN:2,(anonymous_1)
FN:5,(anonymous_2)
FNF:3
FNH:2
FNDA:12,(anonymous_0)
FNDA:6,(anonymous_1)
FNDA:0,(anonymous_2)
DA:1,6
DA:2,12
DA:3,6
DA:4,6
DA:5,0
DA:6,0
DA:12,6
DA:15,6
LF:8
LH:6
BRDA:4,0,0,0
BRDA:4,0,1,6
BRF:2
BRH:1
end_of_record
TN:
SF:models/cart.js
FNF:0
FNH:0
DA:1,8
DA:3,8
DA:17,8
LF:3
LH:3
BRF:0
BRH:0
end_of_record
TN:
SF:models/category.js
FNF:0
FNH:0
DA:1,7
DA:2,7
DA:3,7
DA:14,7
LF:4
LH:4
BRF:0
BRH:0
end_of_record
TN:
SF:models/inventory.js
FNF:0
FNH:0
DA:1,9
DA:2,9
DA:3,9
DA:7,9
LF:4
LH:4
BRF:0
BRH:0
end_of_record
TN:
SF:models/order.js
FNF:0
FNH:0
DA:1,7
DA:3,7
DA:25,7
LF:3
LH:3
BRF:0
BRH:0
end_of_record
TN:
SF:models/product.js
FNF:0
FNH:0
DA:1,8
DA:2,8
DA:3,8
DA:15,8
LF:4
LH:4
BRF:0
BRH:0
end_of_record
TN:
SF:models/user.js
FNF:0
FNH:0
DA:1,7
DA:2,7
DA:4,7
DA:15,7
LF:4
LH:4
BRF:0
BRH:0
end_of_record
TN:
SF:routes/cartRoutes.js
FNF:0
FNH:0
DA:143,6
DA:144,6
DA:145,6
DA:146,6
DA:147,6
DA:149,6
DA:151,6
DA:153,6
DA:160,6
DA:166,6
DA:172,6
LF:11
LH:11
BRF:0
BRH:0
end_of_record
TN:
SF:routes/categoryRoutes.js
FNF:0
FNH:0
DA:51,6
DA:52,6
DA:53,6
DA:54,6
DA:56,6
DA:58,6
DA:65,6
LF:7
LH:7
BRF:0
BRH:0
end_of_record
TN:
SF:routes/inventoryRoutes.js
FNF:0
FNH:0
DA:61,6
DA:62,6
DA:63,6
DA:64,6
DA:66,6
DA:68,6
DA:75,6
LF:7
LH:7
BRF:0
BRH:0
end_of_record
TN:
SF:routes/orderRoutes.js
FNF:0
FNH:0
DA:214,6
DA:215,6
DA:216,6
DA:217,6
DA:219,6
DA:221,6
DA:228,6
DA:235,6
DA:242,6
LF:9
LH:9
BRF:0
BRH:0
end_of_record
TN:
SF:routes/productRoutes.js
FNF:0
FNH:0
DA:93,6
DA:94,6
DA:95,6
DA:96,6
DA:97,6
DA:98,6
DA:100,6
DA:102,6
DA:110,6
DA:118,6
LF:10
LH:10
BRF:0
BRH:0
end_of_record
TN:
SF:routes/userRoutes.js
FNF:0
FNH:0
DA:162,6
DA:168,6
DA:169,6
DA:170,6
DA:171,6
DA:172,6
DA:174,6
DA:176,6
DA:182,6
DA:189,6
DA:196,6
DA:202,6
LF:12
LH:12
BRF:0
BRH:0
end_of_record
TN:
SF:services/cartService.js
FN:7,(anonymous_0)
FN:30,(anonymous_1)
FN:39,(anonymous_2)
FN:47,(anonymous_3)
FN:59,(anonymous_4)
FNF:5
FNH:5
FNDA:4,(anonymous_0)
FNDA:10,(anonymous_1)
FNDA:6,(anonymous_2)
FNDA:10,(anonymous_3)
FNDA:4,(anonymous_4)
DA:1,8
DA:2,8
DA:3,8
DA:5,8
DA:7,8
DA:8,4
DA:9,4
DA:10,4
DA:11,4
DA:12,3
DA:13,3
DA:14,2
DA:16,2
DA:17,2
DA:18,2
DA:21,0
DA:23,2
DA:24,1
DA:26,1
DA:30,8
DA:31,10
DA:32,10
DA:33,9
DA:35,1
DA:39,8
DA:40,6
DA:41,6
DA:43,1
DA:47,8
DA:48,10
DA:49,10
DA:50,9
DA:51,5
DA:53,4
DA:55,1
DA:59,8
DA:60,4
DA:61,4
DA:63,4
DA:64,1
DA:67,3
DA:68,0
DA:71,3
DA:72,0
DA:74,3
DA:77,3
DA:80,8
LF:47
LH:44
BRDA:17,0,0,2
BRDA:17,0,1,0
BRDA:23,1,0,1
BRDA:23,1,1,1
BRDA:33,2,0,5
BRDA:33,2,1,4
BRDA:50,3,0,5
BRDA:50,3,1,4
BRDA:61,4,0,4
BRDA:61,4,1,4
BRDA:63,5,0,1
BRDA:63,5,1,3
BRDA:67,6,0,0
BRDA:67,6,1,3
BRDA:71,7,0,0
BRDA:71,7,1,3
BRF:16
BRH:13
end_of_record
TN:
SF:services/categoryService.js
FN:4,(anonymous_0)
FNF:1
FNH:1
FNDA:6,(anonymous_0)
DA:1,7
DA:2,7
DA:4,7
DA:5,6
DA:6,6
DA:8,2
DA:12,7
LF:7
LH:7
BRF:0
BRH:0
end_of_record
TN:
SF:services/inventoryService.js
FN:4,(anonymous_0)
FN:22,(anonymous_1)
FNF:2
FNH:2
FNDA:7,(anonymous_0)
FNDA:7,(anonymous_1)
DA:1,9
DA:2,9
DA:4,9
DA:5,7
DA:6,7
DA:7,7
DA:8,1
DA:11,6
DA:12,4
DA:13,2
DA:15,2
DA:17,5
DA:18,2
DA:22,9
DA:23,7
DA:24,7
DA:25,6
DA:26,2
DA:28,4
DA:29,2
DA:31,2
DA:32,2
DA:33,2
DA:35,5
DA:36,1
DA:40,9
LF:26
LH:26
BRDA:7,0,0,1
BRDA:7,0,1,6
BRDA:7,1,0,7
BRDA:7,1,1,6
BRDA:12,2,0,2
BRDA:12,2,1,2
BRDA:17,3,0,3
BRDA:17,3,1,2
BRDA:17,4,0,5
BRDA:17,4,1,4
BRDA:25,5,0,2
BRDA:25,5,1,4
BRDA:28,6,0,2
BRDA:28,6,1,2
BRDA:35,7,0,4
BRDA:35,7,1,1
BRF:16
BRH:16
end_of_record
TN:
SF:services/orderService.js
FN:6,(anonymous_0)
FN:13,(anonymous_1)
FN:15,(anonymous_2)
FN:20,(anonymous_3)
FN:25,(anonymous_4)
FN:35,(anonymous_5)
FN:56,(anonymous_6)
FN:71,(anonymous_7)
FNF:8
FNH:8
FNDA:5,(anonymous_0)
FNDA:5,(anonymous_1)
FNDA:4,(anonymous_2)
FNDA:4,(anonymous_3)
FNDA:5,(anonymous_4)
FNDA:3,(anonymous_5)
FNDA:5,(anonymous_6)
FNDA:5,(anonymous_7)
DA:1,7
DA:2,7
DA:3,7
DA:4,7
DA:6,7
DA:7,5
DA:8,5
DA:9,5
DA:10,2
DA:13,5
DA:14,3
DA:15,3
DA:16,4
DA:17,4
DA:20,3
DA:21,4
DA:22,4
DA:25,3
DA:26,5
DA:27,5
DA:28,1
DA:30,4
DA:33,2
DA:35,3
DA:44,2
DA:45,2
DA:47,2
DA:49,3
DA:50,3
DA:52,0
DA:56,7
DA:57,5
DA:58,5
DA:59,4
DA:60,2
DA:62,2
DA:64,3
DA:65,2
DA:67,1
DA:71,7
DA:72,5
DA:73,5
DA:74,4
DA:75,2
DA:77,2
DA:79,3
DA:80,2
DA:82,1
DA:86,7
LF:49
LH:48
BRDA:9,0,0,2
BRDA:9,0,1,3
BRDA:9,1,0,5
BRDA:9,1,1,5
BRDA:27,2,0,1
BRDA:27,2,1,4
BRDA:49,3,0,3
BRDA:49,3,1,0
BRDA:49,4,0,3
BRDA:49,4,1,1
BRDA:59,5,0,2
BRDA:59,5,1,2
BRDA:59,6,0,4
BRDA:59,6,1,4
BRDA:64,7,0,2
BRDA:64,7,1,1
BRDA:74,8,0,2
BRDA:74,8,1,2
BRDA:79,9,0,2
BRDA:79,9,1,1
BRF:20
BRH:19
end_of_record
TN:
SF:services/productService.js
FN:6,(anonymous_0)
FN:15,(anonymous_1)
FN:30,(anonymous_2)
FN:45,(anonymous_3)
FNF:4
FNH:4
FNDA:6,(anonymous_0)
FNDA:5,(anonymous_1)
FNDA:6,(anonymous_2)
FNDA:6,(anonymous_3)
DA:1,8
DA:2,8
DA:4,8
DA:6,8
DA:7,6
DA:8,6
DA:9,6
DA:11,1
DA:15,8
DA:16,5
DA:17,5
DA:18,4
DA:19,2
DA:21,2
DA:23,3
DA:24,2
DA:26,1
DA:30,8
DA:31,6
DA:32,6
DA:33,6
DA:34,2
DA:36,4
DA:38,2
DA:39,2
DA:41,0
DA:45,8
DA:46,6
DA:47,6
DA:48,6
DA:49,6
DA:50,6
DA:53,8
LF:33
LH:32
BRDA:18,0,0,2
BRDA:18,0,1,2
BRDA:23,1,0,2
BRDA:23,1,1,1
BRDA:33,2,0,2
BRDA:33,2,1,4
BRDA:33,3,0,6
BRDA:33,3,1,6
BRDA:38,4,0,2
BRDA:38,4,1,0
BRDA:47,5,0,5
BRDA:47,5,1,1
BRDA:48,6,0,5
BRDA:48,6,1,1
BRDA:49,7,0,3
BRDA:49,7,1,3
BRF:16
BRH:15
end_of_record
TN:
SF:services/userService.js
FN:6,(anonymous_0)
FN:31,(anonymous_1)
FN:42,(anonymous_2)
FN:53,(anonymous_3)
FN:71,(anonymous_4)
FNF:5
FNH:5
FNDA:11,(anonymous_0)
FNDA:4,(anonymous_1)
FNDA:4,(anonymous_2)
FNDA:6,(anonymous_3)
FNDA:2,(anonymous_4)
DA:1,7
DA:2,7
DA:3,7
DA:4,7
DA:6,7
DA:7,11
DA:8,11
DA:9,11
DA:10,3
DA:13,8
DA:14,8
DA:21,8
DA:23,8
DA:24,8
DA:26,3
DA:27,0
DA:31,7
DA:32,4
DA:33,4
DA:34,4
DA:35,2
DA:37,2
DA:38,0
DA:42,7
DA:43,4
DA:44,4
DA:45,4
DA:46,2
DA:48,2
DA:49,0
DA:53,7
DA:54,6
DA:55,6
DA:56,6
DA:59,4
DA:60,4
DA:62,2
DA:63,2
DA:65,4
DA:67,0
DA:71,7
DA:72,2
DA:73,2
DA:74,2
DA:75,1
DA:77,1
DA:79,1
DA:80,1
DA:82,0
DA:86,7
LF:50
LH:45
BRDA:9,0,0,3
BRDA:9,0,1,8
BRDA:26,1,0,3
BRDA:26,1,1,0
BRDA:34,2,0,2
BRDA:34,2,1,2
BRDA:37,3,0,2
BRDA:37,3,1,0
BRDA:45,4,0,2
BRDA:45,4,1,2
BRDA:48,5,0,2
BRDA:48,5,1,0
BRDA:56,6,0,2
BRDA:56,6,1,4
BRDA:60,7,0,2
BRDA:60,7,1,2
BRDA:65,8,0,4
BRDA:65,8,1,0
BRDA:65,9,0,4
BRDA:65,9,1,2
BRDA:74,10,0,1
BRDA:74,10,1,1
BRDA:79,11,0,1
BRDA:79,11,1,0
BRF:24
BRH:19
end_of_record
TN:
SF:utils/crypto.js
FN:4,(anonymous_0)
FN:12,(anonymous_1)
FNF:2
FNH:2
FNDA:9,(anonymous_0)
FNDA:4,(anonymous_1)
DA:1,7
DA:2,7
DA:4,7
DA:5,9
DA:6,0
DA:8,9
DA:9,9
DA:12,7
DA:13,4
DA:14,0
DA:16,4
DA:19,7
LF:12
LH:10
BRDA:5,0,0,0
BRDA:5,0,1,9
BRDA:13,1,0,0
BRDA:13,1,1,4
BRDA:13,2,0,4
BRDA:13,2,1,4
BRF:6
BRH:4
end_of_record
TN:
SF:utils/errors.js
FN:2,(anonymous_0)
FN:12,(anonymous_1)
FN:20,(anonymous_2)
FN:29,(anonymous_3)
FN:39,(anonymous_4)
FN:46,(anonymous_5)
FN:53,(anonymous_6)
FN:61,(anonymous_7)
FN:69,(anonymous_8)
FN:76,(anonymous_9)
FN:83,(anonymous_10)
FNF:11
FNH:7
FNDA:44,(anonymous_0)
FNDA:5,(anonymous_1)
FNDA:13,(anonymous_2)
FNDA:18,(anonymous_3)
FNDA:2,(anonymous_4)
FNDA:0,(anonymous_5)
FNDA:1,(anonymous_6)
FNDA:5,(anonymous_7)
FNDA:0,(anonymous_8)
FNDA:0,(anonymous_9)
FNDA:0,(anonymous_10)
DA:3,44
DA:4,44
DA:5,44
DA:6,44
DA:7,44
DA:13,5
DA:14,5
DA:15,5
DA:21,13
DA:22,13
DA:23,13
DA:24,13
DA:30,18
DA:31,18
DA:32,18
DA:33,18
DA:34,18
DA:40,2
DA:41,2
DA:47,0
DA:48,0
DA:54,1
DA:55,1
DA:56,1
DA:62,5
DA:63,5
DA:64,5
DA:70,0
DA:71,0
DA:77,0
DA:78,0
DA:84,0
DA:85,0
DA:86,0
DA:87,0
DA:88,0
DA:89,0
DA:93,13
LF:38
LH:26
BRDA:4,0,0,44
BRDA:4,0,1,0
BRDA:12,1,0,0
BRDA:12,2,0,0
BRDA:20,3,0,0
BRDA:20,4,0,9
BRDA:29,5,0,0
BRDA:29,6,0,2
BRDA:30,7,0,15
BRDA:30,7,1,3
BRDA:39,8,0,0
BRDA:46,9,0,0
BRDA:53,10,0,1
BRDA:56,11,0,0
BRDA:56,11,1,1
BRDA:76,12,0,0
BRDA:83,13,0,0
BRF:17
BRH:7
end_of_record
TN:
SF:utils/token.js
FN:6,(anonymous_0)
FN:19,(anonymous_1)
FNF:2
FNH:1
FNDA:29,(anonymous_0)
FNDA:0,(anonymous_1)
DA:1,7
DA:3,7
DA:6,7
DA:7,29
DA:19,7
DA:20,0
DA:21,0
DA:23,0
DA:27,7
LF:9
LH:6
BRDA:3,0,0,7
BRDA:3,0,1,1
BRF:2
BRH:2
end_of_record
TN:
SF:validation/cartValidation.js
FNF:0
FNH:0
DA:1,6
DA:3,6
DA:5,6
DA:31,6
LF:4
LH:4
BRF:0
BRH:0
end_of_record
TN:
SF:validation/productValidation.js
FNF:0
FNH:0
DA:1,6
DA:3,6
DA:33,6
DA:46,6
LF:4
LH:4
BRF:0
BRH:0
end_of_record
TN:
SF:validation/userValidation.js
FNF:0
FNH:0
DA:1,6
DA:3,6
DA:27,6
DA:45,6
LF:4
LH:4
BRF:0
BRH:0
end_of_record
